2017-09-10 01:15:21.031  INFO 18871 --- [cluster-ClusterId{value='59b36ef68cf0d949b710f5d3', description='null'}-60.30.111.99:10005] org.mongodb.driver.connection            : Opened connection [connectionId{localValue:16, serverValue:279}] to 60.30.111.99:10005
2017-09-10 01:21:51.321  INFO 18871 --- [cluster-ClusterId{value='59b36ef68cf0d949b710f5d3', description='null'}-60.30.111.99:10005] org.mongodb.driver.connection            : Opened connection [connectionId{localValue:17, serverValue:283}] to 60.30.111.99:10005
2017-09-10 01:45:55.020  INFO 18871 --- [cluster-ClusterId{value='59b36ef68cf0d949b710f5d3', description='null'}-60.30.111.99:10005] org.mongodb.driver.connection            : Opened connection [connectionId{localValue:18, serverValue:284}] to 60.30.111.99:10005
2017-09-10 02:21:48.177  INFO 18871 --- [cluster-ClusterId{value='59b36ef68cf0d949b710f5d3', description='null'}-60.30.111.99:10005] org.mongodb.driver.connection            : Opened connection [connectionId{localValue:19, serverValue:290}] to 60.30.111.99:10005
2017-09-10 03:32:53.288  INFO 18871 --- [cluster-ClusterId{value='59b36ef68cf0d949b710f5d3', description='null'}-60.30.111.99:10005] org.mongodb.driver.connection            : Opened connection [connectionId{localValue:20, serverValue:296}] to 60.30.111.99:10005
2017-09-10 03:52:26.341  INFO 18871 --- [cluster-ClusterId{value='59b36ef68cf0d949b710f5d3', description='null'}-60.30.111.99:10005] org.mongodb.driver.connection            : Opened connection [connectionId{localValue:21, serverValue:299}] to 60.30.111.99:10005
2017-09-10 04:59:29.815  INFO 18871 --- [cluster-ClusterId{value='59b36ef68cf0d949b710f5d3', description='null'}-60.30.111.99:10005] org.mongodb.driver.connection            : Opened connection [connectionId{localValue:22, serverValue:305}] to 60.30.111.99:10005
2017-09-10 05:22:51.245  INFO 18871 --- [cluster-ClusterId{value='59b36ef68cf0d949b710f5d3', description='null'}-60.30.111.99:10005] org.mongodb.driver.connection            : Opened connection [connectionId{localValue:23, serverValue:307}] to 60.30.111.99:10005
2017-09-10 06:35:45.710  INFO 18871 --- [cluster-ClusterId{value='59b36ef68cf0d949b710f5d3', description='null'}-60.30.111.99:10005] org.mongodb.driver.connection            : Opened connection [connectionId{localValue:24, serverValue:314}] to 60.30.111.99:10005
2017-09-10 06:53:26.889  INFO 18871 --- [cluster-ClusterId{value='59b36ef68cf0d949b710f5d3', description='null'}-60.30.111.99:10005] org.mongodb.driver.connection            : Opened connection [connectionId{localValue:25, serverValue:322}] to 60.30.111.99:10005
2017-09-10 07:44:17.906  INFO 18871 --- [cluster-ClusterId{value='59b36ef68cf0d949b710f5d3', description='null'}-60.30.111.99:10005] org.mongodb.driver.connection            : Opened connection [connectionId{localValue:26, serverValue:323}] to 60.30.111.99:10005
2017-09-10 08:51:32.877  INFO 18871 --- [cluster-ClusterId{value='59b36ef68cf0d949b710f5d3', description='null'}-60.30.111.99:10005] org.mongodb.driver.connection            : Opened connection [connectionId{localValue:27, serverValue:329}] to 60.30.111.99:10005
2017-09-10 09:34:56.846  INFO 18871 --- [cluster-ClusterId{value='59b36ef68cf0d949b710f5d3', description='null'}-60.30.111.99:10005] org.mongodb.driver.connection            : Opened connection [connectionId{localValue:28, serverValue:335}] to 60.30.111.99:10005
2017-09-10 09:37:47.076  INFO 18871 --- [cluster-ClusterId{value='59b36ef68cf0d949b710f5d3', description='null'}-60.30.111.99:10005] org.mongodb.driver.connection            : Opened connection [connectionId{localValue:29, serverValue:336}] to 60.30.111.99:10005
2017-09-10 10:12:24.115  INFO 21780 --- [main] me.zyly.riska.api.holder.Boot            : Starting Boot v1.0-SNAPSHOT on bogon with PID 21780 (/home/hanzhe/work/riska/kingstar-api-holder/target/kingstar-api-holder.jar started by hanzhe in /home/hanzhe/work/riska/kingstar-api-holder)
2017-09-10 10:12:24.141 DEBUG 21780 --- [main] me.zyly.riska.api.holder.Boot            : Running with Spring Boot v1.5.3.RELEASE, Spring v4.3.8.RELEASE
2017-09-10 10:12:24.141  INFO 21780 --- [main] me.zyly.riska.api.holder.Boot            : The following profiles are active: qa
2017-09-10 10:12:24.471  INFO 21780 --- [main] ationConfigEmbeddedWebApplicationContext : Refreshing org.springframework.boot.context.embedded.AnnotationConfigEmbeddedWebApplicationContext@3b22cdd0: startup date [Sun Sep 10 10:12:24 CST 2017]; root of context hierarchy
2017-09-10 10:12:30.933  INFO 21780 --- [main] s.b.c.e.t.TomcatEmbeddedServletContainer : Tomcat initialized with port(s): 8089 (http)
2017-09-10 10:12:30.980  INFO 21780 --- [main] o.apache.catalina.core.StandardService   : Starting service Tomcat
2017-09-10 10:12:30.986  INFO 21780 --- [main] org.apache.catalina.core.StandardEngine  : Starting Servlet Engine: Apache Tomcat/8.5.14
2017-09-10 10:12:31.377  INFO 21780 --- [localhost-startStop-1] o.a.c.c.C.[.[.[/riska/api/rest]          : Initializing Spring embedded WebApplicationContext
2017-09-10 10:12:31.377  INFO 21780 --- [localhost-startStop-1] o.s.web.context.ContextLoader            : Root WebApplicationContext: initialization completed in 6906 ms
2017-09-10 10:12:31.754  INFO 21780 --- [localhost-startStop-1] o.s.b.w.servlet.ServletRegistrationBean  : Mapping servlet: 'dispatcherServlet' to [/]
2017-09-10 10:12:31.771  INFO 21780 --- [localhost-startStop-1] o.s.b.w.servlet.FilterRegistrationBean   : Mapping filter: 'characterEncodingFilter' to: [/*]
2017-09-10 10:12:31.771  INFO 21780 --- [localhost-startStop-1] o.s.b.w.servlet.FilterRegistrationBean   : Mapping filter: 'hiddenHttpMethodFilter' to: [/*]
2017-09-10 10:12:31.772  INFO 21780 --- [localhost-startStop-1] o.s.b.w.servlet.FilterRegistrationBean   : Mapping filter: 'httpPutFormContentFilter' to: [/*]
2017-09-10 10:12:31.772  INFO 21780 --- [localhost-startStop-1] o.s.b.w.servlet.FilterRegistrationBean   : Mapping filter: 'requestContextFilter' to: [/*]
2017-09-10 10:12:33.089  INFO 21780 --- [main] org.mongodb.driver.cluster               : Cluster created with settings {hosts=[localhost:9999], mode=MULTIPLE, requiredClusterType=UNKNOWN, serverSelectionTimeout='30000 ms', maxWaitQueueSize=500}
2017-09-10 10:12:33.089  INFO 21780 --- [main] org.mongodb.driver.cluster               : Adding discovered server localhost:9999 to client view of cluster
2017-09-10 10:12:33.270  INFO 21780 --- [cluster-ClusterId{value='59b49f918cf0d95514d5858d', description='null'}-localhost:9999] org.mongodb.driver.cluster               : Exception in monitor thread while connecting to server localhost:9999

com.mongodb.MongoSocketOpenException: Exception opening socket
	at com.mongodb.connection.SocketStream.open(SocketStream.java:63)
	at com.mongodb.connection.InternalStreamConnection.open(InternalStreamConnection.java:115)
	at com.mongodb.connection.DefaultServerMonitor$ServerMonitorRunnable.run(DefaultServerMonitor.java:113)
	at java.lang.Thread.run(Thread.java:748)
Caused by: java.net.ConnectException: 拒绝连接 (Connection refused)
	at java.net.PlainSocketImpl.socketConnect(Native Method)
	at java.net.AbstractPlainSocketImpl.doConnect(AbstractPlainSocketImpl.java:350)
	at java.net.AbstractPlainSocketImpl.connectToAddress(AbstractPlainSocketImpl.java:206)
	at java.net.AbstractPlainSocketImpl.connect(AbstractPlainSocketImpl.java:188)
	at java.net.SocksSocketImpl.connect(SocksSocketImpl.java:392)
	at java.net.Socket.connect(Socket.java:589)
	at com.mongodb.connection.SocketStreamHelper.initialize(SocketStreamHelper.java:57)
	at com.mongodb.connection.SocketStream.open(SocketStream.java:58)
	... 3 common frames omitted

2017-09-10 10:12:34.794  INFO 21780 --- [main] org.mongodb.driver.cluster               : No server chosen by WritableServerSelector from cluster description ClusterDescription{type=UNKNOWN, connectionMode=MULTIPLE, serverDescriptions=[ServerDescription{address=localhost:9999, type=UNKNOWN, state=CONNECTING, exception={com.mongodb.MongoSocketOpenException: Exception opening socket}, caused by {java.net.ConnectException: 拒绝连接 (Connection refused)}}]}. Waiting for 30000 ms before timing out
2017-09-10 10:13:04.800  WARN 21780 --- [main] ationConfigEmbeddedWebApplicationContext : Exception encountered during context initialization - cancelling refresh attempt: org.springframework.beans.factory.BeanCreationException: Error creating bean with name 'usersRepository': Invocation of init method failed; nested exception is org.springframework.dao.DataAccessResourceFailureException: Timed out after 30000 ms while waiting for a server that matches WritableServerSelector. Client view of cluster state is {type=UNKNOWN, servers=[{address=localhost:9999, type=UNKNOWN, state=CONNECTING, exception={com.mongodb.MongoSocketOpenException: Exception opening socket}, caused by {java.net.ConnectException: 拒绝连接 (Connection refused)}}]; nested exception is com.mongodb.MongoTimeoutException: Timed out after 30000 ms while waiting for a server that matches WritableServerSelector. Client view of cluster state is {type=UNKNOWN, servers=[{address=localhost:9999, type=UNKNOWN, state=CONNECTING, exception={com.mongodb.MongoSocketOpenException: Exception opening socket}, caused by {java.net.ConnectException: 拒绝连接 (Connection refused)}}]
2017-09-10 10:13:04.815  INFO 21780 --- [main] o.apache.catalina.core.StandardService   : Stopping service Tomcat
2017-09-10 10:13:04.839  INFO 21780 --- [main] utoConfigurationReportLoggingInitializer : 

Error starting ApplicationContext. To display the auto-configuration report re-run your application with 'debug' enabled.
2017-09-10 10:13:04.849 ERROR 21780 --- [main] o.s.boot.SpringApplication               : Application startup failed

org.springframework.beans.factory.BeanCreationException: Error creating bean with name 'usersRepository': Invocation of init method failed; nested exception is org.springframework.dao.DataAccessResourceFailureException: Timed out after 30000 ms while waiting for a server that matches WritableServerSelector. Client view of cluster state is {type=UNKNOWN, servers=[{address=localhost:9999, type=UNKNOWN, state=CONNECTING, exception={com.mongodb.MongoSocketOpenException: Exception opening socket}, caused by {java.net.ConnectException: 拒绝连接 (Connection refused)}}]; nested exception is com.mongodb.MongoTimeoutException: Timed out after 30000 ms while waiting for a server that matches WritableServerSelector. Client view of cluster state is {type=UNKNOWN, servers=[{address=localhost:9999, type=UNKNOWN, state=CONNECTING, exception={com.mongodb.MongoSocketOpenException: Exception opening socket}, caused by {java.net.ConnectException: 拒绝连接 (Connection refused)}}]
	at org.springframework.beans.factory.support.AbstractAutowireCapableBeanFactory.initializeBean(AbstractAutowireCapableBeanFactory.java:1628)
	at org.springframework.beans.factory.support.AbstractAutowireCapableBeanFactory.doCreateBean(AbstractAutowireCapableBeanFactory.java:555)
	at org.springframework.beans.factory.support.AbstractAutowireCapableBeanFactory.createBean(AbstractAutowireCapableBeanFactory.java:483)
	at org.springframework.beans.factory.support.AbstractBeanFactory$1.getObject(AbstractBeanFactory.java:306)
	at org.springframework.beans.factory.support.DefaultSingletonBeanRegistry.getSingleton(DefaultSingletonBeanRegistry.java:230)
	at org.springframework.beans.factory.support.AbstractBeanFactory.doGetBean(AbstractBeanFactory.java:302)
	at org.springframework.beans.factory.support.AbstractBeanFactory.getBean(AbstractBeanFactory.java:197)
	at org.springframework.beans.factory.support.DefaultListableBeanFactory.preInstantiateSingletons(DefaultListableBeanFactory.java:742)
	at org.springframework.context.support.AbstractApplicationContext.finishBeanFactoryInitialization(AbstractApplicationContext.java:866)
	at org.springframework.context.support.AbstractApplicationContext.refresh(AbstractApplicationContext.java:542)
	at org.springframework.boot.context.embedded.EmbeddedWebApplicationContext.refresh(EmbeddedWebApplicationContext.java:122)
	at org.springframework.boot.SpringApplication.refresh(SpringApplication.java:737)
	at org.springframework.boot.SpringApplication.refreshContext(SpringApplication.java:370)
	at org.springframework.boot.SpringApplication.run(SpringApplication.java:314)
	at org.springframework.boot.SpringApplication.run(SpringApplication.java:1162)
	at org.springframework.boot.SpringApplication.run(SpringApplication.java:1151)
	at me.zyly.riska.api.holder.Boot.main(Boot.java:30)
	at sun.reflect.NativeMethodAccessorImpl.invoke0(Native Method)
	at sun.reflect.NativeMethodAccessorImpl.invoke(NativeMethodAccessorImpl.java:62)
	at sun.reflect.DelegatingMethodAccessorImpl.invoke(DelegatingMethodAccessorImpl.java:43)
	at java.lang.reflect.Method.invoke(Method.java:498)
	at org.springframework.boot.loader.MainMethodRunner.run(MainMethodRunner.java:48)
	at org.springframework.boot.loader.Launcher.launch(Launcher.java:87)
	at org.springframework.boot.loader.Launcher.launch(Launcher.java:50)
	at org.springframework.boot.loader.JarLauncher.main(JarLauncher.java:51)
Caused by: org.springframework.dao.DataAccessResourceFailureException: Timed out after 30000 ms while waiting for a server that matches WritableServerSelector. Client view of cluster state is {type=UNKNOWN, servers=[{address=localhost:9999, type=UNKNOWN, state=CONNECTING, exception={com.mongodb.MongoSocketOpenException: Exception opening socket}, caused by {java.net.ConnectException: 拒绝连接 (Connection refused)}}]; nested exception is com.mongodb.MongoTimeoutException: Timed out after 30000 ms while waiting for a server that matches WritableServerSelector. Client view of cluster state is {type=UNKNOWN, servers=[{address=localhost:9999, type=UNKNOWN, state=CONNECTING, exception={com.mongodb.MongoSocketOpenException: Exception opening socket}, caused by {java.net.ConnectException: 拒绝连接 (Connection refused)}}]
	at org.springframework.data.mongodb.core.MongoExceptionTranslator.translateExceptionIfPossible(MongoExceptionTranslator.java:77)
	at org.springframework.data.mongodb.core.index.MongoPersistentEntityIndexCreator.createIndex(MongoPersistentEntityIndexCreator.java:162)
	at org.springframework.data.mongodb.core.index.MongoPersistentEntityIndexCreator.checkForAndCreateIndexes(MongoPersistentEntityIndexCreator.java:133)
	at org.springframework.data.mongodb.core.index.MongoPersistentEntityIndexCreator.checkForIndexes(MongoPersistentEntityIndexCreator.java:125)
	at org.springframework.data.mongodb.core.index.MongoPersistentEntityIndexCreator.onApplicationEvent(MongoPersistentEntityIndexCreator.java:109)
	at org.springframework.data.mongodb.core.index.MongoPersistentEntityIndexCreator.onApplicationEvent(MongoPersistentEntityIndexCreator.java:51)
	at org.springframework.context.event.SimpleApplicationEventMulticaster.invokeListener(SimpleApplicationEventMulticaster.java:167)
	at org.springframework.context.event.SimpleApplicationEventMulticaster.multicastEvent(SimpleApplicationEventMulticaster.java:139)
	at org.springframework.context.support.AbstractApplicationContext.publishEvent(AbstractApplicationContext.java:383)
	at org.springframework.context.support.AbstractApplicationContext.publishEvent(AbstractApplicationContext.java:337)
	at org.springframework.data.mapping.context.AbstractMappingContext.addPersistentEntity(AbstractMappingContext.java:345)
	at org.springframework.data.mapping.context.AbstractMappingContext.getPersistentEntity(AbstractMappingContext.java:185)
	at org.springframework.data.mapping.context.AbstractMappingContext.getPersistentEntity(AbstractMappingContext.java:145)
	at org.springframework.data.mapping.context.AbstractMappingContext.getPersistentEntity(AbstractMappingContext.java:70)
	at org.springframework.data.mongodb.repository.support.MongoRepositoryFactory.getEntityInformation(MongoRepositoryFactory.java:122)
	at org.springframework.data.mongodb.repository.support.MongoRepositoryFactory.getTargetRepository(MongoRepositoryFactory.java:96)
	at org.springframework.data.repository.core.support.RepositoryFactorySupport.getRepository(RepositoryFactorySupport.java:199)
	at org.springframework.data.repository.core.support.RepositoryFactoryBeanSupport.initAndReturn(RepositoryFactoryBeanSupport.java:277)
	at org.springframework.data.repository.core.support.RepositoryFactoryBeanSupport.afterPropertiesSet(RepositoryFactoryBeanSupport.java:263)
	at org.springframework.data.mongodb.repository.support.MongoRepositoryFactoryBean.afterPropertiesSet(MongoRepositoryFactoryBean.java:117)
	at org.springframework.beans.factory.support.AbstractAutowireCapableBeanFactory.invokeInitMethods(AbstractAutowireCapableBeanFactory.java:1687)
	at org.springframework.beans.factory.support.AbstractAutowireCapableBeanFactory.initializeBean(AbstractAutowireCapableBeanFactory.java:1624)
	... 24 common frames omitted
Caused by: com.mongodb.MongoTimeoutException: Timed out after 30000 ms while waiting for a server that matches WritableServerSelector. Client view of cluster state is {type=UNKNOWN, servers=[{address=localhost:9999, type=UNKNOWN, state=CONNECTING, exception={com.mongodb.MongoSocketOpenException: Exception opening socket}, caused by {java.net.ConnectException: 拒绝连接 (Connection refused)}}]
	at com.mongodb.connection.BaseCluster.createTimeoutException(BaseCluster.java:377)
	at com.mongodb.connection.BaseCluster.selectServer(BaseCluster.java:104)
	at com.mongodb.binding.ClusterBinding$ClusterBindingConnectionSource.<init>(ClusterBinding.java:75)
	at com.mongodb.binding.ClusterBinding$ClusterBindingConnectionSource.<init>(ClusterBinding.java:71)
	at com.mongodb.binding.ClusterBinding.getWriteConnectionSource(ClusterBinding.java:68)
	at com.mongodb.operation.OperationHelper.withConnection(OperationHelper.java:411)
	at com.mongodb.operation.CreateIndexesOperation.execute(CreateIndexesOperation.java:144)
	at com.mongodb.operation.CreateIndexesOperation.execute(CreateIndexesOperation.java:71)
	at com.mongodb.Mongo.execute(Mongo.java:845)
	at com.mongodb.Mongo$2.execute(Mongo.java:828)
	at com.mongodb.DBCollection.createIndex(DBCollection.java:1618)
	at org.springframework.data.mongodb.core.index.MongoPersistentEntityIndexCreator.createIndex(MongoPersistentEntityIndexCreator.java:142)
	... 44 common frames omitted

2017-09-10 10:14:00.137  INFO 21855 --- [main] me.zyly.riska.api.holder.Boot            : Starting Boot v1.0-SNAPSHOT on bogon with PID 21855 (/home/hanzhe/work/riska/kingstar-api-holder/target/kingstar-api-holder.jar started by hanzhe in /home/hanzhe/work/riska/kingstar-api-holder)
2017-09-10 10:14:00.160 DEBUG 21855 --- [main] me.zyly.riska.api.holder.Boot            : Running with Spring Boot v1.5.3.RELEASE, Spring v4.3.8.RELEASE
2017-09-10 10:14:00.161  INFO 21855 --- [main] me.zyly.riska.api.holder.Boot            : The following profiles are active: qa
2017-09-10 10:14:00.527  INFO 21855 --- [main] ationConfigEmbeddedWebApplicationContext : Refreshing org.springframework.boot.context.embedded.AnnotationConfigEmbeddedWebApplicationContext@41a4555e: startup date [Sun Sep 10 10:14:00 CST 2017]; root of context hierarchy
2017-09-10 10:14:06.682  INFO 21855 --- [main] s.b.c.e.t.TomcatEmbeddedServletContainer : Tomcat initialized with port(s): 8089 (http)
2017-09-10 10:14:06.730  INFO 21855 --- [main] o.apache.catalina.core.StandardService   : Starting service Tomcat
2017-09-10 10:14:06.735  INFO 21855 --- [main] org.apache.catalina.core.StandardEngine  : Starting Servlet Engine: Apache Tomcat/8.5.14
2017-09-10 10:14:07.100  INFO 21855 --- [localhost-startStop-1] o.a.c.c.C.[.[.[/riska/api/rest]          : Initializing Spring embedded WebApplicationContext
2017-09-10 10:14:07.100  INFO 21855 --- [localhost-startStop-1] o.s.web.context.ContextLoader            : Root WebApplicationContext: initialization completed in 6573 ms
2017-09-10 10:14:07.472  INFO 21855 --- [localhost-startStop-1] o.s.b.w.servlet.ServletRegistrationBean  : Mapping servlet: 'dispatcherServlet' to [/]
2017-09-10 10:14:07.489  INFO 21855 --- [localhost-startStop-1] o.s.b.w.servlet.FilterRegistrationBean   : Mapping filter: 'characterEncodingFilter' to: [/*]
2017-09-10 10:14:07.491  INFO 21855 --- [localhost-startStop-1] o.s.b.w.servlet.FilterRegistrationBean   : Mapping filter: 'hiddenHttpMethodFilter' to: [/*]
2017-09-10 10:14:07.491  INFO 21855 --- [localhost-startStop-1] o.s.b.w.servlet.FilterRegistrationBean   : Mapping filter: 'httpPutFormContentFilter' to: [/*]
2017-09-10 10:14:07.491  INFO 21855 --- [localhost-startStop-1] o.s.b.w.servlet.FilterRegistrationBean   : Mapping filter: 'requestContextFilter' to: [/*]
2017-09-10 10:14:08.874  INFO 21855 --- [main] org.mongodb.driver.cluster               : Cluster created with settings {hosts=[60.30.111.99:10005], mode=MULTIPLE, requiredClusterType=UNKNOWN, serverSelectionTimeout='30000 ms', maxWaitQueueSize=500}
2017-09-10 10:14:08.875  INFO 21855 --- [main] org.mongodb.driver.cluster               : Adding discovered server 60.30.111.99:10005 to client view of cluster
2017-09-10 10:14:09.509  INFO 21855 --- [cluster-ClusterId{value='59b49ff08cf0d9555f0ee3a5', description='null'}-60.30.111.99:10005] org.mongodb.driver.connection            : Opened connection [connectionId{localValue:1, serverValue:337}] to 60.30.111.99:10005
2017-09-10 10:14:09.522  INFO 21855 --- [cluster-ClusterId{value='59b49ff08cf0d9555f0ee3a5', description='null'}-60.30.111.99:10005] org.mongodb.driver.cluster               : Monitor thread successfully connected to server with description ServerDescription{address=60.30.111.99:10005, type=STANDALONE, state=CONNECTED, ok=true, version=ServerVersion{versionList=[3, 4, 7]}, minWireVersion=0, maxWireVersion=5, maxDocumentSize=16777216, roundTripTimeNanos=7401542}
2017-09-10 10:14:09.530  INFO 21855 --- [cluster-ClusterId{value='59b49ff08cf0d9555f0ee3a5', description='null'}-60.30.111.99:10005] org.mongodb.driver.cluster               : Discovered cluster type of STANDALONE
2017-09-10 10:14:10.824  INFO 21855 --- [main] org.mongodb.driver.connection            : Opened connection [connectionId{localValue:2, serverValue:338}] to 60.30.111.99:10005
2017-09-10 10:14:11.800  INFO 21855 --- [main] s.w.s.m.m.a.RequestMappingHandlerAdapter : Looking for @ControllerAdvice: org.springframework.boot.context.embedded.AnnotationConfigEmbeddedWebApplicationContext@41a4555e: startup date [Sun Sep 10 10:14:00 CST 2017]; root of context hierarchy
2017-09-10 10:14:12.169  INFO 21855 --- [main] s.w.s.m.m.a.RequestMappingHandlerMapping : Mapped "{[/error],produces=[text/html]}" onto public org.springframework.web.servlet.ModelAndView org.springframework.boot.autoconfigure.web.BasicErrorController.errorHtml(javax.servlet.http.HttpServletRequest,javax.servlet.http.HttpServletResponse)
2017-09-10 10:14:12.173  INFO 21855 --- [main] s.w.s.m.m.a.RequestMappingHandlerMapping : Mapped "{[/error]}" onto public org.springframework.http.ResponseEntity<java.util.Map<java.lang.String, java.lang.Object>> org.springframework.boot.autoconfigure.web.BasicErrorController.error(javax.servlet.http.HttpServletRequest)
2017-09-10 10:14:12.239  INFO 21855 --- [main] o.s.w.s.handler.SimpleUrlHandlerMapping  : Mapped URL path [/webjars/**] onto handler of type [class org.springframework.web.servlet.resource.ResourceHttpRequestHandler]
2017-09-10 10:14:12.240  INFO 21855 --- [main] o.s.w.s.handler.SimpleUrlHandlerMapping  : Mapped URL path [/**] onto handler of type [class org.springframework.web.servlet.resource.ResourceHttpRequestHandler]
2017-09-10 10:14:12.335  INFO 21855 --- [main] o.s.w.s.handler.SimpleUrlHandlerMapping  : Mapped URL path [/**/favicon.ico] onto handler of type [class org.springframework.web.servlet.resource.ResourceHttpRequestHandler]
2017-09-10 10:14:12.736  INFO 21855 --- [main] o.s.j.e.a.AnnotationMBeanExporter        : Registering beans for JMX exposure on startup
2017-09-10 10:14:12.862 ERROR 21855 --- [main] o.a.coyote.http11.Http11NioProtocol      : Failed to start end point associated with ProtocolHandler ["http-nio-8089"]

java.net.BindException: 地址已在使用
	at sun.nio.ch.Net.bind0(Native Method)
	at sun.nio.ch.Net.bind(Net.java:433)
	at sun.nio.ch.Net.bind(Net.java:425)
	at sun.nio.ch.ServerSocketChannelImpl.bind(ServerSocketChannelImpl.java:223)
	at sun.nio.ch.ServerSocketAdaptor.bind(ServerSocketAdaptor.java:74)
	at org.apache.tomcat.util.net.NioEndpoint.bind(NioEndpoint.java:210)
	at org.apache.tomcat.util.net.AbstractEndpoint.start(AbstractEndpoint.java:978)
	at org.apache.coyote.AbstractProtocol.start(AbstractProtocol.java:628)
	at org.apache.catalina.connector.Connector.startInternal(Connector.java:993)
	at org.apache.catalina.util.LifecycleBase.start(LifecycleBase.java:150)
	at org.apache.catalina.core.StandardService.addConnector(StandardService.java:225)
	at org.springframework.boot.context.embedded.tomcat.TomcatEmbeddedServletContainer.addPreviouslyRemovedConnectors(TomcatEmbeddedServletContainer.java:247)
	at org.springframework.boot.context.embedded.tomcat.TomcatEmbeddedServletContainer.start(TomcatEmbeddedServletContainer.java:190)
	at org.springframework.boot.context.embedded.EmbeddedWebApplicationContext.startEmbeddedServletContainer(EmbeddedWebApplicationContext.java:297)
	at org.springframework.boot.context.embedded.EmbeddedWebApplicationContext.finishRefresh(EmbeddedWebApplicationContext.java:145)
	at org.springframework.context.support.AbstractApplicationContext.refresh(AbstractApplicationContext.java:545)
	at org.springframework.boot.context.embedded.EmbeddedWebApplicationContext.refresh(EmbeddedWebApplicationContext.java:122)
	at org.springframework.boot.SpringApplication.refresh(SpringApplication.java:737)
	at org.springframework.boot.SpringApplication.refreshContext(SpringApplication.java:370)
	at org.springframework.boot.SpringApplication.run(SpringApplication.java:314)
	at org.springframework.boot.SpringApplication.run(SpringApplication.java:1162)
	at org.springframework.boot.SpringApplication.run(SpringApplication.java:1151)
	at me.zyly.riska.api.holder.Boot.main(Boot.java:30)
	at sun.reflect.NativeMethodAccessorImpl.invoke0(Native Method)
	at sun.reflect.NativeMethodAccessorImpl.invoke(NativeMethodAccessorImpl.java:62)
	at sun.reflect.DelegatingMethodAccessorImpl.invoke(DelegatingMethodAccessorImpl.java:43)
	at java.lang.reflect.Method.invoke(Method.java:498)
	at org.springframework.boot.loader.MainMethodRunner.run(MainMethodRunner.java:48)
	at org.springframework.boot.loader.Launcher.launch(Launcher.java:87)
	at org.springframework.boot.loader.Launcher.launch(Launcher.java:50)
	at org.springframework.boot.loader.JarLauncher.main(JarLauncher.java:51)

2017-09-10 10:14:12.865 ERROR 21855 --- [main] o.apache.catalina.core.StandardService   : Failed to start connector [Connector[HTTP/1.1-8089]]

org.apache.catalina.LifecycleException: Failed to start component [Connector[HTTP/1.1-8089]]
	at org.apache.catalina.util.LifecycleBase.start(LifecycleBase.java:167)
	at org.apache.catalina.core.StandardService.addConnector(StandardService.java:225)
	at org.springframework.boot.context.embedded.tomcat.TomcatEmbeddedServletContainer.addPreviouslyRemovedConnectors(TomcatEmbeddedServletContainer.java:247)
	at org.springframework.boot.context.embedded.tomcat.TomcatEmbeddedServletContainer.start(TomcatEmbeddedServletContainer.java:190)
	at org.springframework.boot.context.embedded.EmbeddedWebApplicationContext.startEmbeddedServletContainer(EmbeddedWebApplicationContext.java:297)
	at org.springframework.boot.context.embedded.EmbeddedWebApplicationContext.finishRefresh(EmbeddedWebApplicationContext.java:145)
	at org.springframework.context.support.AbstractApplicationContext.refresh(AbstractApplicationContext.java:545)
	at org.springframework.boot.context.embedded.EmbeddedWebApplicationContext.refresh(EmbeddedWebApplicationContext.java:122)
	at org.springframework.boot.SpringApplication.refresh(SpringApplication.java:737)
	at org.springframework.boot.SpringApplication.refreshContext(SpringApplication.java:370)
	at org.springframework.boot.SpringApplication.run(SpringApplication.java:314)
	at org.springframework.boot.SpringApplication.run(SpringApplication.java:1162)
	at org.springframework.boot.SpringApplication.run(SpringApplication.java:1151)
	at me.zyly.riska.api.holder.Boot.main(Boot.java:30)
	at sun.reflect.NativeMethodAccessorImpl.invoke0(Native Method)
	at sun.reflect.NativeMethodAccessorImpl.invoke(NativeMethodAccessorImpl.java:62)
	at sun.reflect.DelegatingMethodAccessorImpl.invoke(DelegatingMethodAccessorImpl.java:43)
	at java.lang.reflect.Method.invoke(Method.java:498)
	at org.springframework.boot.loader.MainMethodRunner.run(MainMethodRunner.java:48)
	at org.springframework.boot.loader.Launcher.launch(Launcher.java:87)
	at org.springframework.boot.loader.Launcher.launch(Launcher.java:50)
	at org.springframework.boot.loader.JarLauncher.main(JarLauncher.java:51)
Caused by: org.apache.catalina.LifecycleException: service.getName(): "Tomcat";  Protocol handler start failed
	at org.apache.catalina.connector.Connector.startInternal(Connector.java:1000)
	at org.apache.catalina.util.LifecycleBase.start(LifecycleBase.java:150)
	... 21 common frames omitted
Caused by: java.net.BindException: 地址已在使用
	at sun.nio.ch.Net.bind0(Native Method)
	at sun.nio.ch.Net.bind(Net.java:433)
	at sun.nio.ch.Net.bind(Net.java:425)
	at sun.nio.ch.ServerSocketChannelImpl.bind(ServerSocketChannelImpl.java:223)
	at sun.nio.ch.ServerSocketAdaptor.bind(ServerSocketAdaptor.java:74)
	at org.apache.tomcat.util.net.NioEndpoint.bind(NioEndpoint.java:210)
	at org.apache.tomcat.util.net.AbstractEndpoint.start(AbstractEndpoint.java:978)
	at org.apache.coyote.AbstractProtocol.start(AbstractProtocol.java:628)
	at org.apache.catalina.connector.Connector.startInternal(Connector.java:993)
	... 22 common frames omitted

2017-09-10 10:14:12.904  INFO 21855 --- [main] o.apache.catalina.core.StandardService   : Stopping service Tomcat
2017-09-10 10:14:12.941  INFO 21855 --- [main] utoConfigurationReportLoggingInitializer : 

Error starting ApplicationContext. To display the auto-configuration report re-run your application with 'debug' enabled.
2017-09-10 10:14:12.965 ERROR 21855 --- [main] o.s.b.d.LoggingFailureAnalysisReporter   : 

***************************
APPLICATION FAILED TO START
***************************

Description:

The Tomcat connector configured to listen on port 8089 failed to start. The port may already be in use or the connector may be misconfigured.

Action:

Verify the connector's configuration, identify and stop any process that's listening on port 8089, or configure this application to listen on another port.

2017-09-10 10:14:12.970  INFO 21855 --- [main] ationConfigEmbeddedWebApplicationContext : Closing org.springframework.boot.context.embedded.AnnotationConfigEmbeddedWebApplicationContext@41a4555e: startup date [Sun Sep 10 10:14:00 CST 2017]; root of context hierarchy
2017-09-10 10:14:12.972  INFO 21855 --- [main] o.s.j.e.a.AnnotationMBeanExporter        : Unregistering JMX-exposed beans on shutdown
2017-09-10 10:14:12.982  INFO 21855 --- [main] org.mongodb.driver.connection            : Closed connection [connectionId{localValue:2, serverValue:338}] to 60.30.111.99:10005 because the pool has been closed.
2017-09-10 10:16:05.832  INFO 21911 --- [main] me.zyly.riska.api.holder.Boot            : Starting Boot v1.0-SNAPSHOT on bogon with PID 21911 (/home/hanzhe/work/riska/kingstar-api-holder/target/kingstar-api-holder.jar started by hanzhe in /home/hanzhe/work/riska/kingstar-api-holder)
2017-09-10 10:16:05.854 DEBUG 21911 --- [main] me.zyly.riska.api.holder.Boot            : Running with Spring Boot v1.5.3.RELEASE, Spring v4.3.8.RELEASE
2017-09-10 10:16:05.854  INFO 21911 --- [main] me.zyly.riska.api.holder.Boot            : The following profiles are active: qa
2017-09-10 10:16:06.240  INFO 21911 --- [main] ationConfigEmbeddedWebApplicationContext : Refreshing org.springframework.boot.context.embedded.AnnotationConfigEmbeddedWebApplicationContext@41a4555e: startup date [Sun Sep 10 10:16:06 CST 2017]; root of context hierarchy
2017-09-10 10:16:12.428  INFO 21911 --- [main] s.b.c.e.t.TomcatEmbeddedServletContainer : Tomcat initialized with port(s): 8089 (http)
2017-09-10 10:16:12.450  INFO 21911 --- [main] o.apache.catalina.core.StandardService   : Starting service Tomcat
2017-09-10 10:16:12.453  INFO 21911 --- [main] org.apache.catalina.core.StandardEngine  : Starting Servlet Engine: Apache Tomcat/8.5.14
2017-09-10 10:16:12.809  INFO 21911 --- [localhost-startStop-1] o.a.c.c.C.[.[.[/riska/api/rest]          : Initializing Spring embedded WebApplicationContext
2017-09-10 10:16:12.809  INFO 21911 --- [localhost-startStop-1] o.s.web.context.ContextLoader            : Root WebApplicationContext: initialization completed in 6569 ms
2017-09-10 10:16:13.172  INFO 21911 --- [localhost-startStop-1] o.s.b.w.servlet.ServletRegistrationBean  : Mapping servlet: 'dispatcherServlet' to [/]
2017-09-10 10:16:13.189  INFO 21911 --- [localhost-startStop-1] o.s.b.w.servlet.FilterRegistrationBean   : Mapping filter: 'characterEncodingFilter' to: [/*]
2017-09-10 10:16:13.193  INFO 21911 --- [localhost-startStop-1] o.s.b.w.servlet.FilterRegistrationBean   : Mapping filter: 'hiddenHttpMethodFilter' to: [/*]
2017-09-10 10:16:13.193  INFO 21911 --- [localhost-startStop-1] o.s.b.w.servlet.FilterRegistrationBean   : Mapping filter: 'httpPutFormContentFilter' to: [/*]
2017-09-10 10:16:13.194  INFO 21911 --- [localhost-startStop-1] o.s.b.w.servlet.FilterRegistrationBean   : Mapping filter: 'requestContextFilter' to: [/*]
2017-09-10 10:16:14.376  INFO 21911 --- [main] org.mongodb.driver.cluster               : Cluster created with settings {hosts=[60.30.111.99:10005], mode=MULTIPLE, requiredClusterType=UNKNOWN, serverSelectionTimeout='30000 ms', maxWaitQueueSize=500}
2017-09-10 10:16:14.379  INFO 21911 --- [main] org.mongodb.driver.cluster               : Adding discovered server 60.30.111.99:10005 to client view of cluster
2017-09-10 10:16:14.983  INFO 21911 --- [cluster-ClusterId{value='59b4a06e8cf0d95597dd7b1d', description='null'}-60.30.111.99:10005] org.mongodb.driver.connection            : Opened connection [connectionId{localValue:1, serverValue:339}] to 60.30.111.99:10005
2017-09-10 10:16:14.995  INFO 21911 --- [cluster-ClusterId{value='59b4a06e8cf0d95597dd7b1d', description='null'}-60.30.111.99:10005] org.mongodb.driver.cluster               : Monitor thread successfully connected to server with description ServerDescription{address=60.30.111.99:10005, type=STANDALONE, state=CONNECTED, ok=true, version=ServerVersion{versionList=[3, 4, 7]}, minWireVersion=0, maxWireVersion=5, maxDocumentSize=16777216, roundTripTimeNanos=5939156}
2017-09-10 10:16:15.008  INFO 21911 --- [cluster-ClusterId{value='59b4a06e8cf0d95597dd7b1d', description='null'}-60.30.111.99:10005] org.mongodb.driver.cluster               : Discovered cluster type of STANDALONE
2017-09-10 10:16:16.543  INFO 21911 --- [main] org.mongodb.driver.connection            : Opened connection [connectionId{localValue:2, serverValue:340}] to 60.30.111.99:10005
2017-09-10 10:16:17.510  INFO 21911 --- [main] s.w.s.m.m.a.RequestMappingHandlerAdapter : Looking for @ControllerAdvice: org.springframework.boot.context.embedded.AnnotationConfigEmbeddedWebApplicationContext@41a4555e: startup date [Sun Sep 10 10:16:06 CST 2017]; root of context hierarchy
2017-09-10 10:16:17.872  INFO 21911 --- [main] s.w.s.m.m.a.RequestMappingHandlerMapping : Mapped "{[/error],produces=[text/html]}" onto public org.springframework.web.servlet.ModelAndView org.springframework.boot.autoconfigure.web.BasicErrorController.errorHtml(javax.servlet.http.HttpServletRequest,javax.servlet.http.HttpServletResponse)
2017-09-10 10:16:17.874  INFO 21911 --- [main] s.w.s.m.m.a.RequestMappingHandlerMapping : Mapped "{[/error]}" onto public org.springframework.http.ResponseEntity<java.util.Map<java.lang.String, java.lang.Object>> org.springframework.boot.autoconfigure.web.BasicErrorController.error(javax.servlet.http.HttpServletRequest)
2017-09-10 10:16:17.937  INFO 21911 --- [main] o.s.w.s.handler.SimpleUrlHandlerMapping  : Mapped URL path [/webjars/**] onto handler of type [class org.springframework.web.servlet.resource.ResourceHttpRequestHandler]
2017-09-10 10:16:17.937  INFO 21911 --- [main] o.s.w.s.handler.SimpleUrlHandlerMapping  : Mapped URL path [/**] onto handler of type [class org.springframework.web.servlet.resource.ResourceHttpRequestHandler]
2017-09-10 10:16:18.044  INFO 21911 --- [main] o.s.w.s.handler.SimpleUrlHandlerMapping  : Mapped URL path [/**/favicon.ico] onto handler of type [class org.springframework.web.servlet.resource.ResourceHttpRequestHandler]
2017-09-10 10:16:18.434  INFO 21911 --- [main] o.s.j.e.a.AnnotationMBeanExporter        : Registering beans for JMX exposure on startup
2017-09-10 10:16:18.654  INFO 21911 --- [main] s.b.c.e.t.TomcatEmbeddedServletContainer : Tomcat started on port(s): 8089 (http)
2017-09-10 10:16:18.668 DEBUG 21911 --- [main] m.z.r.a.holder.runner.MarketDataRunner   : Start MarketDataMarketDataSPI Login ------------------------
2017-09-10 10:16:19.772  INFO 21911 --- [main] utoConfigurationReportLoggingInitializer : 

Error starting ApplicationContext. To display the auto-configuration report re-run your application with 'debug' enabled.
2017-09-10 10:16:19.807 ERROR 21911 --- [main] o.s.boot.SpringApplication               : Application startup failed

java.lang.UnsatisfiedLinkError: ksmdapiex.CThostFtdcMdApi.GetApiVersion()Lorg/bridj/Pointer;
	at ksmdapiex.CThostFtdcMdApi.GetApiVersion(Native Method)
	at me.zyly.riska.api.holder.runner.MarketDataRunner.run(MarketDataRunner.java:32)
	at org.springframework.boot.SpringApplication.callRunner(SpringApplication.java:776)
	at org.springframework.boot.SpringApplication.callRunners(SpringApplication.java:760)
	at org.springframework.boot.SpringApplication.afterRefresh(SpringApplication.java:747)
	at org.springframework.boot.SpringApplication.run(SpringApplication.java:315)
	at org.springframework.boot.SpringApplication.run(SpringApplication.java:1162)
	at org.springframework.boot.SpringApplication.run(SpringApplication.java:1151)
	at me.zyly.riska.api.holder.Boot.main(Boot.java:30)
	at sun.reflect.NativeMethodAccessorImpl.invoke0(Native Method)
	at sun.reflect.NativeMethodAccessorImpl.invoke(NativeMethodAccessorImpl.java:62)
	at sun.reflect.DelegatingMethodAccessorImpl.invoke(DelegatingMethodAccessorImpl.java:43)
	at java.lang.reflect.Method.invoke(Method.java:498)
	at org.springframework.boot.loader.MainMethodRunner.run(MainMethodRunner.java:48)
	at org.springframework.boot.loader.Launcher.launch(Launcher.java:87)
	at org.springframework.boot.loader.Launcher.launch(Launcher.java:50)
	at org.springframework.boot.loader.JarLauncher.main(JarLauncher.java:51)

2017-09-10 10:16:19.817  INFO 21911 --- [main] ationConfigEmbeddedWebApplicationContext : Closing org.springframework.boot.context.embedded.AnnotationConfigEmbeddedWebApplicationContext@41a4555e: startup date [Sun Sep 10 10:16:06 CST 2017]; root of context hierarchy
2017-09-10 10:16:19.818  INFO 21911 --- [main] o.s.j.e.a.AnnotationMBeanExporter        : Unregistering JMX-exposed beans on shutdown
2017-09-10 10:16:19.823  INFO 21911 --- [main] org.mongodb.driver.connection            : Closed connection [connectionId{localValue:2, serverValue:340}] to 60.30.111.99:10005 because the pool has been closed.
2017-09-10 10:17:19.186  INFO 21961 --- [main] me.zyly.riska.api.holder.Boot            : Starting Boot v1.0-SNAPSHOT on bogon with PID 21961 (/home/hanzhe/work/riska/kingstar-api-holder/target/kingstar-api-holder.jar started by hanzhe in /home/hanzhe/work/riska/kingstar-api-holder)
2017-09-10 10:17:19.221 DEBUG 21961 --- [main] me.zyly.riska.api.holder.Boot            : Running with Spring Boot v1.5.3.RELEASE, Spring v4.3.8.RELEASE
2017-09-10 10:17:19.221  INFO 21961 --- [main] me.zyly.riska.api.holder.Boot            : The following profiles are active: qa
2017-09-10 10:17:19.660  INFO 21961 --- [main] ationConfigEmbeddedWebApplicationContext : Refreshing org.springframework.boot.context.embedded.AnnotationConfigEmbeddedWebApplicationContext@41a4555e: startup date [Sun Sep 10 10:17:19 CST 2017]; root of context hierarchy
2017-09-10 10:17:25.811  INFO 21961 --- [main] s.b.c.e.t.TomcatEmbeddedServletContainer : Tomcat initialized with port(s): 8089 (http)
2017-09-10 10:17:25.864  INFO 21961 --- [main] o.apache.catalina.core.StandardService   : Starting service Tomcat
2017-09-10 10:17:25.870  INFO 21961 --- [main] org.apache.catalina.core.StandardEngine  : Starting Servlet Engine: Apache Tomcat/8.5.14
2017-09-10 10:17:26.182  INFO 21961 --- [localhost-startStop-1] o.a.c.c.C.[.[.[/riska/api/rest]          : Initializing Spring embedded WebApplicationContext
2017-09-10 10:17:26.182  INFO 21961 --- [localhost-startStop-1] o.s.web.context.ContextLoader            : Root WebApplicationContext: initialization completed in 6523 ms
2017-09-10 10:17:26.508  INFO 21961 --- [localhost-startStop-1] o.s.b.w.servlet.ServletRegistrationBean  : Mapping servlet: 'dispatcherServlet' to [/]
2017-09-10 10:17:26.527  INFO 21961 --- [localhost-startStop-1] o.s.b.w.servlet.FilterRegistrationBean   : Mapping filter: 'characterEncodingFilter' to: [/*]
2017-09-10 10:17:26.528  INFO 21961 --- [localhost-startStop-1] o.s.b.w.servlet.FilterRegistrationBean   : Mapping filter: 'hiddenHttpMethodFilter' to: [/*]
2017-09-10 10:17:26.528  INFO 21961 --- [localhost-startStop-1] o.s.b.w.servlet.FilterRegistrationBean   : Mapping filter: 'httpPutFormContentFilter' to: [/*]
2017-09-10 10:17:26.528  INFO 21961 --- [localhost-startStop-1] o.s.b.w.servlet.FilterRegistrationBean   : Mapping filter: 'requestContextFilter' to: [/*]
2017-09-10 10:17:27.663  INFO 21961 --- [main] org.mongodb.driver.cluster               : Cluster created with settings {hosts=[60.30.111.99:10005], mode=MULTIPLE, requiredClusterType=UNKNOWN, serverSelectionTimeout='30000 ms', maxWaitQueueSize=500}
2017-09-10 10:17:27.664  INFO 21961 --- [main] org.mongodb.driver.cluster               : Adding discovered server 60.30.111.99:10005 to client view of cluster
2017-09-10 10:17:28.240  INFO 21961 --- [cluster-ClusterId{value='59b4a0b78cf0d955c99337f8', description='null'}-60.30.111.99:10005] org.mongodb.driver.connection            : Opened connection [connectionId{localValue:1, serverValue:341}] to 60.30.111.99:10005
2017-09-10 10:17:28.250  INFO 21961 --- [cluster-ClusterId{value='59b4a0b78cf0d955c99337f8', description='null'}-60.30.111.99:10005] org.mongodb.driver.cluster               : Monitor thread successfully connected to server with description ServerDescription{address=60.30.111.99:10005, type=STANDALONE, state=CONNECTED, ok=true, version=ServerVersion{versionList=[3, 4, 7]}, minWireVersion=0, maxWireVersion=5, maxDocumentSize=16777216, roundTripTimeNanos=6519719}
2017-09-10 10:17:28.261  INFO 21961 --- [cluster-ClusterId{value='59b4a0b78cf0d955c99337f8', description='null'}-60.30.111.99:10005] org.mongodb.driver.cluster               : Discovered cluster type of STANDALONE
2017-09-10 10:17:29.429  INFO 21961 --- [main] org.mongodb.driver.connection            : Opened connection [connectionId{localValue:2, serverValue:342}] to 60.30.111.99:10005
2017-09-10 10:17:30.380  INFO 21961 --- [main] s.w.s.m.m.a.RequestMappingHandlerAdapter : Looking for @ControllerAdvice: org.springframework.boot.context.embedded.AnnotationConfigEmbeddedWebApplicationContext@41a4555e: startup date [Sun Sep 10 10:17:19 CST 2017]; root of context hierarchy
2017-09-10 10:17:30.769  INFO 21961 --- [main] s.w.s.m.m.a.RequestMappingHandlerMapping : Mapped "{[/error],produces=[text/html]}" onto public org.springframework.web.servlet.ModelAndView org.springframework.boot.autoconfigure.web.BasicErrorController.errorHtml(javax.servlet.http.HttpServletRequest,javax.servlet.http.HttpServletResponse)
2017-09-10 10:17:30.772  INFO 21961 --- [main] s.w.s.m.m.a.RequestMappingHandlerMapping : Mapped "{[/error]}" onto public org.springframework.http.ResponseEntity<java.util.Map<java.lang.String, java.lang.Object>> org.springframework.boot.autoconfigure.web.BasicErrorController.error(javax.servlet.http.HttpServletRequest)
2017-09-10 10:17:30.844  INFO 21961 --- [main] o.s.w.s.handler.SimpleUrlHandlerMapping  : Mapped URL path [/webjars/**] onto handler of type [class org.springframework.web.servlet.resource.ResourceHttpRequestHandler]
2017-09-10 10:17:30.847  INFO 21961 --- [main] o.s.w.s.handler.SimpleUrlHandlerMapping  : Mapped URL path [/**] onto handler of type [class org.springframework.web.servlet.resource.ResourceHttpRequestHandler]
2017-09-10 10:17:30.943  INFO 21961 --- [main] o.s.w.s.handler.SimpleUrlHandlerMapping  : Mapped URL path [/**/favicon.ico] onto handler of type [class org.springframework.web.servlet.resource.ResourceHttpRequestHandler]
2017-09-10 10:17:31.346  INFO 21961 --- [main] o.s.j.e.a.AnnotationMBeanExporter        : Registering beans for JMX exposure on startup
2017-09-10 10:17:31.563  INFO 21961 --- [main] s.b.c.e.t.TomcatEmbeddedServletContainer : Tomcat started on port(s): 8089 (http)
2017-09-10 10:17:31.580 DEBUG 21961 --- [main] m.z.r.a.holder.runner.MarketDataRunner   : Start MarketDataMarketDataSPI Login ------------------------
2017-09-10 10:17:31.704 DEBUG 21961 --- [main] m.z.r.a.holder.runner.MarketDataRunner   : check api version is 2.4.10131.1
2017-09-10 10:17:31.752  INFO 21961 --- [main] m.z.r.a.holder.runner.MarketDataRunner   : CThostFtdcMdApi Init finished!!!
2017-09-10 10:17:31.757  INFO 21961 --- [main] me.zyly.riska.api.holder.Boot            : Started Boot in 15.134 seconds (JVM running for 16.738)
2017-09-10 10:17:31.774  INFO 21961 --- [Thread-5] me.zyly.riska.api.holder.RiskaMdSpi      : OnFrontConnected
2017-09-10 10:17:31.779 DEBUG 21961 --- [Thread-5] me.zyly.riska.api.holder.RiskaMdSpi      : start Login... 0E76AFEA, 80531, 111111
2017-09-10 10:17:32.360  INFO 21961 --- [Thread-6] me.zyly.riska.api.holder.RiskaMdSpi      : OnRspUserLogin: ErrorCode: 0, ErrorMsg: 正确
2017-09-10 10:17:32.361  INFO 21961 --- [Thread-6] me.zyly.riska.api.holder.RiskaMdSpi      : SubscribeMarketData : 0
2017-09-10 10:17:32.390  INFO 21961 --- [Thread-6] me.zyly.riska.api.holder.RiskaMdSpi      : OnRspSubMarketData, instrumentId: IH1709, ErrorCode: 0, ErrorMsg: 正确
2017-09-10 10:39:18.026  INFO 22164 --- [main] me.zyly.riska.api.holder.Boot            : Starting Boot v1.0-SNAPSHOT on bogon with PID 22164 (/home/hanzhe/work/riska/kingstar-api-holder/target/kingstar-api-holder.jar started by hanzhe in /home/hanzhe/work/riska/kingstar-api-holder)
2017-09-10 10:39:18.050 DEBUG 22164 --- [main] me.zyly.riska.api.holder.Boot            : Running with Spring Boot v1.5.3.RELEASE, Spring v4.3.8.RELEASE
2017-09-10 10:39:18.050  INFO 22164 --- [main] me.zyly.riska.api.holder.Boot            : The following profiles are active: qa
2017-09-10 10:39:18.390  INFO 22164 --- [main] ationConfigEmbeddedWebApplicationContext : Refreshing org.springframework.boot.context.embedded.AnnotationConfigEmbeddedWebApplicationContext@41a4555e: startup date [Sun Sep 10 10:39:18 CST 2017]; root of context hierarchy
2017-09-10 10:39:25.231  INFO 22164 --- [main] s.b.c.e.t.TomcatEmbeddedServletContainer : Tomcat initialized with port(s): 8089 (http)
2017-09-10 10:39:25.283  INFO 22164 --- [main] o.apache.catalina.core.StandardService   : Starting service Tomcat
2017-09-10 10:39:25.288  INFO 22164 --- [main] org.apache.catalina.core.StandardEngine  : Starting Servlet Engine: Apache Tomcat/8.5.14
2017-09-10 10:39:25.662  INFO 22164 --- [localhost-startStop-1] o.a.c.c.C.[.[.[/riska/api/rest]          : Initializing Spring embedded WebApplicationContext
2017-09-10 10:39:25.663  INFO 22164 --- [localhost-startStop-1] o.s.web.context.ContextLoader            : Root WebApplicationContext: initialization completed in 7274 ms
2017-09-10 10:39:25.998  INFO 22164 --- [localhost-startStop-1] o.s.b.w.servlet.ServletRegistrationBean  : Mapping servlet: 'dispatcherServlet' to [/]
2017-09-10 10:39:26.014  INFO 22164 --- [localhost-startStop-1] o.s.b.w.servlet.FilterRegistrationBean   : Mapping filter: 'characterEncodingFilter' to: [/*]
2017-09-10 10:39:26.015  INFO 22164 --- [localhost-startStop-1] o.s.b.w.servlet.FilterRegistrationBean   : Mapping filter: 'hiddenHttpMethodFilter' to: [/*]
2017-09-10 10:39:26.016  INFO 22164 --- [localhost-startStop-1] o.s.b.w.servlet.FilterRegistrationBean   : Mapping filter: 'httpPutFormContentFilter' to: [/*]
2017-09-10 10:39:26.017  INFO 22164 --- [localhost-startStop-1] o.s.b.w.servlet.FilterRegistrationBean   : Mapping filter: 'requestContextFilter' to: [/*]
2017-09-10 10:39:27.282  INFO 22164 --- [main] org.mongodb.driver.cluster               : Cluster created with settings {hosts=[60.30.111.99:10005], mode=MULTIPLE, requiredClusterType=UNKNOWN, serverSelectionTimeout='30000 ms', maxWaitQueueSize=500}
2017-09-10 10:39:27.282  INFO 22164 --- [main] org.mongodb.driver.cluster               : Adding discovered server 60.30.111.99:10005 to client view of cluster
2017-09-10 10:39:27.881  INFO 22164 --- [cluster-ClusterId{value='59b4a5df8cf0d956949efad4', description='null'}-60.30.111.99:10005] org.mongodb.driver.connection            : Opened connection [connectionId{localValue:1, serverValue:343}] to 60.30.111.99:10005
2017-09-10 10:39:27.893  INFO 22164 --- [cluster-ClusterId{value='59b4a5df8cf0d956949efad4', description='null'}-60.30.111.99:10005] org.mongodb.driver.cluster               : Monitor thread successfully connected to server with description ServerDescription{address=60.30.111.99:10005, type=STANDALONE, state=CONNECTED, ok=true, version=ServerVersion{versionList=[3, 4, 7]}, minWireVersion=0, maxWireVersion=5, maxDocumentSize=16777216, roundTripTimeNanos=5397259}
2017-09-10 10:39:27.903  INFO 22164 --- [cluster-ClusterId{value='59b4a5df8cf0d956949efad4', description='null'}-60.30.111.99:10005] org.mongodb.driver.cluster               : Discovered cluster type of STANDALONE
2017-09-10 10:39:29.128  INFO 22164 --- [main] org.mongodb.driver.connection            : Opened connection [connectionId{localValue:2, serverValue:344}] to 60.30.111.99:10005
2017-09-10 10:39:30.132  INFO 22164 --- [main] s.w.s.m.m.a.RequestMappingHandlerAdapter : Looking for @ControllerAdvice: org.springframework.boot.context.embedded.AnnotationConfigEmbeddedWebApplicationContext@41a4555e: startup date [Sun Sep 10 10:39:18 CST 2017]; root of context hierarchy
2017-09-10 10:39:30.499  INFO 22164 --- [main] s.w.s.m.m.a.RequestMappingHandlerMapping : Mapped "{[/error],produces=[text/html]}" onto public org.springframework.web.servlet.ModelAndView org.springframework.boot.autoconfigure.web.BasicErrorController.errorHtml(javax.servlet.http.HttpServletRequest,javax.servlet.http.HttpServletResponse)
2017-09-10 10:39:30.505  INFO 22164 --- [main] s.w.s.m.m.a.RequestMappingHandlerMapping : Mapped "{[/error]}" onto public org.springframework.http.ResponseEntity<java.util.Map<java.lang.String, java.lang.Object>> org.springframework.boot.autoconfigure.web.BasicErrorController.error(javax.servlet.http.HttpServletRequest)
2017-09-10 10:39:30.571  INFO 22164 --- [main] o.s.w.s.handler.SimpleUrlHandlerMapping  : Mapped URL path [/webjars/**] onto handler of type [class org.springframework.web.servlet.resource.ResourceHttpRequestHandler]
2017-09-10 10:39:30.571  INFO 22164 --- [main] o.s.w.s.handler.SimpleUrlHandlerMapping  : Mapped URL path [/**] onto handler of type [class org.springframework.web.servlet.resource.ResourceHttpRequestHandler]
2017-09-10 10:39:30.677  INFO 22164 --- [main] o.s.w.s.handler.SimpleUrlHandlerMapping  : Mapped URL path [/**/favicon.ico] onto handler of type [class org.springframework.web.servlet.resource.ResourceHttpRequestHandler]
2017-09-10 10:39:31.083  INFO 22164 --- [main] o.s.j.e.a.AnnotationMBeanExporter        : Registering beans for JMX exposure on startup
2017-09-10 10:39:31.203 ERROR 22164 --- [main] o.a.coyote.http11.Http11NioProtocol      : Failed to start end point associated with ProtocolHandler ["http-nio-8089"]

java.net.BindException: 地址已在使用
	at sun.nio.ch.Net.bind0(Native Method)
	at sun.nio.ch.Net.bind(Net.java:433)
	at sun.nio.ch.Net.bind(Net.java:425)
	at sun.nio.ch.ServerSocketChannelImpl.bind(ServerSocketChannelImpl.java:223)
	at sun.nio.ch.ServerSocketAdaptor.bind(ServerSocketAdaptor.java:74)
	at org.apache.tomcat.util.net.NioEndpoint.bind(NioEndpoint.java:210)
	at org.apache.tomcat.util.net.AbstractEndpoint.start(AbstractEndpoint.java:978)
	at org.apache.coyote.AbstractProtocol.start(AbstractProtocol.java:628)
	at org.apache.catalina.connector.Connector.startInternal(Connector.java:993)
	at org.apache.catalina.util.LifecycleBase.start(LifecycleBase.java:150)
	at org.apache.catalina.core.StandardService.addConnector(StandardService.java:225)
	at org.springframework.boot.context.embedded.tomcat.TomcatEmbeddedServletContainer.addPreviouslyRemovedConnectors(TomcatEmbeddedServletContainer.java:247)
	at org.springframework.boot.context.embedded.tomcat.TomcatEmbeddedServletContainer.start(TomcatEmbeddedServletContainer.java:190)
	at org.springframework.boot.context.embedded.EmbeddedWebApplicationContext.startEmbeddedServletContainer(EmbeddedWebApplicationContext.java:297)
	at org.springframework.boot.context.embedded.EmbeddedWebApplicationContext.finishRefresh(EmbeddedWebApplicationContext.java:145)
	at org.springframework.context.support.AbstractApplicationContext.refresh(AbstractApplicationContext.java:545)
	at org.springframework.boot.context.embedded.EmbeddedWebApplicationContext.refresh(EmbeddedWebApplicationContext.java:122)
	at org.springframework.boot.SpringApplication.refresh(SpringApplication.java:737)
	at org.springframework.boot.SpringApplication.refreshContext(SpringApplication.java:370)
	at org.springframework.boot.SpringApplication.run(SpringApplication.java:314)
	at org.springframework.boot.SpringApplication.run(SpringApplication.java:1162)
	at org.springframework.boot.SpringApplication.run(SpringApplication.java:1151)
	at me.zyly.riska.api.holder.Boot.main(Boot.java:30)
	at sun.reflect.NativeMethodAccessorImpl.invoke0(Native Method)
	at sun.reflect.NativeMethodAccessorImpl.invoke(NativeMethodAccessorImpl.java:62)
	at sun.reflect.DelegatingMethodAccessorImpl.invoke(DelegatingMethodAccessorImpl.java:43)
	at java.lang.reflect.Method.invoke(Method.java:498)
	at org.springframework.boot.loader.MainMethodRunner.run(MainMethodRunner.java:48)
	at org.springframework.boot.loader.Launcher.launch(Launcher.java:87)
	at org.springframework.boot.loader.Launcher.launch(Launcher.java:50)
	at org.springframework.boot.loader.JarLauncher.main(JarLauncher.java:51)

2017-09-10 10:39:31.207 ERROR 22164 --- [main] o.apache.catalina.core.StandardService   : Failed to start connector [Connector[HTTP/1.1-8089]]

org.apache.catalina.LifecycleException: Failed to start component [Connector[HTTP/1.1-8089]]
	at org.apache.catalina.util.LifecycleBase.start(LifecycleBase.java:167)
	at org.apache.catalina.core.StandardService.addConnector(StandardService.java:225)
	at org.springframework.boot.context.embedded.tomcat.TomcatEmbeddedServletContainer.addPreviouslyRemovedConnectors(TomcatEmbeddedServletContainer.java:247)
	at org.springframework.boot.context.embedded.tomcat.TomcatEmbeddedServletContainer.start(TomcatEmbeddedServletContainer.java:190)
	at org.springframework.boot.context.embedded.EmbeddedWebApplicationContext.startEmbeddedServletContainer(EmbeddedWebApplicationContext.java:297)
	at org.springframework.boot.context.embedded.EmbeddedWebApplicationContext.finishRefresh(EmbeddedWebApplicationContext.java:145)
	at org.springframework.context.support.AbstractApplicationContext.refresh(AbstractApplicationContext.java:545)
	at org.springframework.boot.context.embedded.EmbeddedWebApplicationContext.refresh(EmbeddedWebApplicationContext.java:122)
	at org.springframework.boot.SpringApplication.refresh(SpringApplication.java:737)
	at org.springframework.boot.SpringApplication.refreshContext(SpringApplication.java:370)
	at org.springframework.boot.SpringApplication.run(SpringApplication.java:314)
	at org.springframework.boot.SpringApplication.run(SpringApplication.java:1162)
	at org.springframework.boot.SpringApplication.run(SpringApplication.java:1151)
	at me.zyly.riska.api.holder.Boot.main(Boot.java:30)
	at sun.reflect.NativeMethodAccessorImpl.invoke0(Native Method)
	at sun.reflect.NativeMethodAccessorImpl.invoke(NativeMethodAccessorImpl.java:62)
	at sun.reflect.DelegatingMethodAccessorImpl.invoke(DelegatingMethodAccessorImpl.java:43)
	at java.lang.reflect.Method.invoke(Method.java:498)
	at org.springframework.boot.loader.MainMethodRunner.run(MainMethodRunner.java:48)
	at org.springframework.boot.loader.Launcher.launch(Launcher.java:87)
	at org.springframework.boot.loader.Launcher.launch(Launcher.java:50)
	at org.springframework.boot.loader.JarLauncher.main(JarLauncher.java:51)
Caused by: org.apache.catalina.LifecycleException: service.getName(): "Tomcat";  Protocol handler start failed
	at org.apache.catalina.connector.Connector.startInternal(Connector.java:1000)
	at org.apache.catalina.util.LifecycleBase.start(LifecycleBase.java:150)
	... 21 common frames omitted
Caused by: java.net.BindException: 地址已在使用
	at sun.nio.ch.Net.bind0(Native Method)
	at sun.nio.ch.Net.bind(Net.java:433)
	at sun.nio.ch.Net.bind(Net.java:425)
	at sun.nio.ch.ServerSocketChannelImpl.bind(ServerSocketChannelImpl.java:223)
	at sun.nio.ch.ServerSocketAdaptor.bind(ServerSocketAdaptor.java:74)
	at org.apache.tomcat.util.net.NioEndpoint.bind(NioEndpoint.java:210)
	at org.apache.tomcat.util.net.AbstractEndpoint.start(AbstractEndpoint.java:978)
	at org.apache.coyote.AbstractProtocol.start(AbstractProtocol.java:628)
	at org.apache.catalina.connector.Connector.startInternal(Connector.java:993)
	... 22 common frames omitted

2017-09-10 10:39:31.246  INFO 22164 --- [main] o.apache.catalina.core.StandardService   : Stopping service Tomcat
2017-09-10 10:39:31.283  INFO 22164 --- [main] utoConfigurationReportLoggingInitializer : 

Error starting ApplicationContext. To display the auto-configuration report re-run your application with 'debug' enabled.
2017-09-10 10:39:31.307 ERROR 22164 --- [main] o.s.b.d.LoggingFailureAnalysisReporter   : 

***************************
APPLICATION FAILED TO START
***************************

Description:

The Tomcat connector configured to listen on port 8089 failed to start. The port may already be in use or the connector may be misconfigured.

Action:

Verify the connector's configuration, identify and stop any process that's listening on port 8089, or configure this application to listen on another port.

2017-09-10 10:39:31.313  INFO 22164 --- [main] ationConfigEmbeddedWebApplicationContext : Closing org.springframework.boot.context.embedded.AnnotationConfigEmbeddedWebApplicationContext@41a4555e: startup date [Sun Sep 10 10:39:18 CST 2017]; root of context hierarchy
2017-09-10 10:39:31.316  INFO 22164 --- [main] o.s.j.e.a.AnnotationMBeanExporter        : Unregistering JMX-exposed beans on shutdown
2017-09-10 10:39:31.325  INFO 22164 --- [main] org.mongodb.driver.connection            : Closed connection [connectionId{localValue:2, serverValue:344}] to 60.30.111.99:10005 because the pool has been closed.
2017-09-10 10:39:46.118  INFO 22209 --- [main] me.zyly.riska.api.holder.Boot            : Starting Boot v1.0-SNAPSHOT on bogon with PID 22209 (/home/hanzhe/work/riska/kingstar-api-holder/target/kingstar-api-holder.jar started by hanzhe in /home/hanzhe/work/riska/kingstar-api-holder)
2017-09-10 10:39:46.139 DEBUG 22209 --- [main] me.zyly.riska.api.holder.Boot            : Running with Spring Boot v1.5.3.RELEASE, Spring v4.3.8.RELEASE
2017-09-10 10:39:46.139  INFO 22209 --- [main] me.zyly.riska.api.holder.Boot            : The following profiles are active: qa
2017-09-10 10:39:46.462  INFO 22209 --- [main] ationConfigEmbeddedWebApplicationContext : Refreshing org.springframework.boot.context.embedded.AnnotationConfigEmbeddedWebApplicationContext@41a4555e: startup date [Sun Sep 10 10:39:46 CST 2017]; root of context hierarchy
2017-09-10 10:39:52.585  INFO 22209 --- [main] s.b.c.e.t.TomcatEmbeddedServletContainer : Tomcat initialized with port(s): 8089 (http)
2017-09-10 10:39:52.632  INFO 22209 --- [main] o.apache.catalina.core.StandardService   : Starting service Tomcat
2017-09-10 10:39:52.635  INFO 22209 --- [main] org.apache.catalina.core.StandardEngine  : Starting Servlet Engine: Apache Tomcat/8.5.14
2017-09-10 10:39:52.976  INFO 22209 --- [localhost-startStop-1] o.a.c.c.C.[.[.[/riska/api/rest]          : Initializing Spring embedded WebApplicationContext
2017-09-10 10:39:52.976  INFO 22209 --- [localhost-startStop-1] o.s.web.context.ContextLoader            : Root WebApplicationContext: initialization completed in 6514 ms
2017-09-10 10:39:53.315  INFO 22209 --- [localhost-startStop-1] o.s.b.w.servlet.ServletRegistrationBean  : Mapping servlet: 'dispatcherServlet' to [/]
2017-09-10 10:39:53.332  INFO 22209 --- [localhost-startStop-1] o.s.b.w.servlet.FilterRegistrationBean   : Mapping filter: 'characterEncodingFilter' to: [/*]
2017-09-10 10:39:53.334  INFO 22209 --- [localhost-startStop-1] o.s.b.w.servlet.FilterRegistrationBean   : Mapping filter: 'hiddenHttpMethodFilter' to: [/*]
2017-09-10 10:39:53.334  INFO 22209 --- [localhost-startStop-1] o.s.b.w.servlet.FilterRegistrationBean   : Mapping filter: 'httpPutFormContentFilter' to: [/*]
2017-09-10 10:39:53.334  INFO 22209 --- [localhost-startStop-1] o.s.b.w.servlet.FilterRegistrationBean   : Mapping filter: 'requestContextFilter' to: [/*]
2017-09-10 10:39:54.626  INFO 22209 --- [main] org.mongodb.driver.cluster               : Cluster created with settings {hosts=[60.30.111.99:10005], mode=MULTIPLE, requiredClusterType=UNKNOWN, serverSelectionTimeout='30000 ms', maxWaitQueueSize=500}
2017-09-10 10:39:54.628  INFO 22209 --- [main] org.mongodb.driver.cluster               : Adding discovered server 60.30.111.99:10005 to client view of cluster
2017-09-10 10:39:55.212  INFO 22209 --- [cluster-ClusterId{value='59b4a5fa8cf0d956c183f752', description='null'}-60.30.111.99:10005] org.mongodb.driver.connection            : Opened connection [connectionId{localValue:1, serverValue:345}] to 60.30.111.99:10005
2017-09-10 10:39:55.223  INFO 22209 --- [cluster-ClusterId{value='59b4a5fa8cf0d956c183f752', description='null'}-60.30.111.99:10005] org.mongodb.driver.cluster               : Monitor thread successfully connected to server with description ServerDescription{address=60.30.111.99:10005, type=STANDALONE, state=CONNECTED, ok=true, version=ServerVersion{versionList=[3, 4, 7]}, minWireVersion=0, maxWireVersion=5, maxDocumentSize=16777216, roundTripTimeNanos=6009434}
2017-09-10 10:39:55.231  INFO 22209 --- [cluster-ClusterId{value='59b4a5fa8cf0d956c183f752', description='null'}-60.30.111.99:10005] org.mongodb.driver.cluster               : Discovered cluster type of STANDALONE
2017-09-10 10:39:56.519  INFO 22209 --- [main] org.mongodb.driver.connection            : Opened connection [connectionId{localValue:2, serverValue:346}] to 60.30.111.99:10005
2017-09-10 10:39:57.445  INFO 22209 --- [main] s.w.s.m.m.a.RequestMappingHandlerAdapter : Looking for @ControllerAdvice: org.springframework.boot.context.embedded.AnnotationConfigEmbeddedWebApplicationContext@41a4555e: startup date [Sun Sep 10 10:39:46 CST 2017]; root of context hierarchy
2017-09-10 10:39:57.820  INFO 22209 --- [main] s.w.s.m.m.a.RequestMappingHandlerMapping : Mapped "{[/error],produces=[text/html]}" onto public org.springframework.web.servlet.ModelAndView org.springframework.boot.autoconfigure.web.BasicErrorController.errorHtml(javax.servlet.http.HttpServletRequest,javax.servlet.http.HttpServletResponse)
2017-09-10 10:39:57.822  INFO 22209 --- [main] s.w.s.m.m.a.RequestMappingHandlerMapping : Mapped "{[/error]}" onto public org.springframework.http.ResponseEntity<java.util.Map<java.lang.String, java.lang.Object>> org.springframework.boot.autoconfigure.web.BasicErrorController.error(javax.servlet.http.HttpServletRequest)
2017-09-10 10:39:57.884  INFO 22209 --- [main] o.s.w.s.handler.SimpleUrlHandlerMapping  : Mapped URL path [/webjars/**] onto handler of type [class org.springframework.web.servlet.resource.ResourceHttpRequestHandler]
2017-09-10 10:39:57.884  INFO 22209 --- [main] o.s.w.s.handler.SimpleUrlHandlerMapping  : Mapped URL path [/**] onto handler of type [class org.springframework.web.servlet.resource.ResourceHttpRequestHandler]
2017-09-10 10:39:57.986  INFO 22209 --- [main] o.s.w.s.handler.SimpleUrlHandlerMapping  : Mapped URL path [/**/favicon.ico] onto handler of type [class org.springframework.web.servlet.resource.ResourceHttpRequestHandler]
2017-09-10 10:39:58.374  INFO 22209 --- [main] o.s.j.e.a.AnnotationMBeanExporter        : Registering beans for JMX exposure on startup
2017-09-10 10:39:58.598  INFO 22209 --- [main] s.b.c.e.t.TomcatEmbeddedServletContainer : Tomcat started on port(s): 8089 (http)
2017-09-10 10:39:58.614 DEBUG 22209 --- [main] m.z.r.a.holder.runner.MarketDataRunner   : Start MarketDataMarketDataSPI Login ------------------------
2017-09-10 10:39:58.744 DEBUG 22209 --- [main] m.z.r.a.holder.runner.MarketDataRunner   : check api version is 2.4.10131.1
2017-09-10 10:39:58.791  INFO 22209 --- [main] m.z.r.a.holder.runner.MarketDataRunner   : CThostFtdcMdApi Init finished!!!
2017-09-10 10:39:58.794  INFO 22209 --- [main] me.zyly.riska.api.holder.Boot            : Started Boot in 15.096 seconds (JVM running for 16.633)
2017-09-10 10:39:58.817  INFO 22209 --- [Thread-5] me.zyly.riska.api.holder.RiskaMdSpi      : OnFrontConnected
2017-09-10 10:39:58.823 DEBUG 22209 --- [Thread-5] me.zyly.riska.api.holder.RiskaMdSpi      : start Login... 0E76AFEA, 80531, 111111
2017-09-10 10:39:59.345  INFO 22209 --- [Thread-6] me.zyly.riska.api.holder.RiskaMdSpi      : OnRspUserLogin: ErrorCode: 0, ErrorMsg: 正确
2017-09-10 10:39:59.346  INFO 22209 --- [Thread-6] me.zyly.riska.api.holder.RiskaMdSpi      : SubscribeMarketData : 0
2017-09-10 10:39:59.369  INFO 22209 --- [Thread-6] me.zyly.riska.api.holder.RiskaMdSpi      : OnRspSubMarketData, instrumentId: IH1709, ErrorCode: 0, ErrorMsg: 正确
