2017-09-18 13:44:53.835  INFO 7420 --- [main] me.zyly.riska.manage.Boot                : Starting Boot v1.0-SNAPSHOT on bogon with PID 7420 (/Users/hanzhe/work/riska/manage/target/manage.jar started by hanzhe in /Users/hanzhe/work/riska/manage)
2017-09-18 13:44:53.838 DEBUG 7420 --- [main] me.zyly.riska.manage.Boot                : Running with Spring Boot v1.5.3.RELEASE, Spring v4.3.8.RELEASE
2017-09-18 13:44:53.838  INFO 7420 --- [main] me.zyly.riska.manage.Boot                : The following profiles are active: qa
2017-09-18 13:44:53.888  INFO 7420 --- [main] ationConfigEmbeddedWebApplicationContext : Refreshing org.springframework.boot.context.embedded.AnnotationConfigEmbeddedWebApplicationContext@3d012ddd: startup date [Mon Sep 18 13:44:53 CST 2017]; root of context hierarchy
2017-09-18 13:44:55.084  INFO 7420 --- [main] s.b.c.e.t.TomcatEmbeddedServletContainer : Tomcat initialized with port(s): 8088 (http)
2017-09-18 13:44:55.094  INFO 7420 --- [main] o.apache.catalina.core.StandardService   : Starting service Tomcat
2017-09-18 13:44:55.095  INFO 7420 --- [main] org.apache.catalina.core.StandardEngine  : Starting Servlet Engine: Apache Tomcat/8.5.14
2017-09-18 13:44:55.163  INFO 7420 --- [localhost-startStop-1] o.a.c.c.C.[.[localhost].[/riska/rest]    : Initializing Spring embedded WebApplicationContext
2017-09-18 13:44:55.163  INFO 7420 --- [localhost-startStop-1] o.s.web.context.ContextLoader            : Root WebApplicationContext: initialization completed in 1275 ms
2017-09-18 13:44:55.257  INFO 7420 --- [localhost-startStop-1] o.s.b.w.servlet.ServletRegistrationBean  : Mapping servlet: 'dispatcherServlet' to [/]
2017-09-18 13:44:55.260  INFO 7420 --- [localhost-startStop-1] o.s.b.w.servlet.FilterRegistrationBean   : Mapping filter: 'characterEncodingFilter' to: [/*]
2017-09-18 13:44:55.261  INFO 7420 --- [localhost-startStop-1] o.s.b.w.servlet.FilterRegistrationBean   : Mapping filter: 'hiddenHttpMethodFilter' to: [/*]
2017-09-18 13:44:55.261  INFO 7420 --- [localhost-startStop-1] o.s.b.w.servlet.FilterRegistrationBean   : Mapping filter: 'httpPutFormContentFilter' to: [/*]
2017-09-18 13:44:55.261  INFO 7420 --- [localhost-startStop-1] o.s.b.w.servlet.FilterRegistrationBean   : Mapping filter: 'requestContextFilter' to: [/*]
2017-09-18 13:44:55.521  INFO 7420 --- [main] org.mongodb.driver.cluster               : Cluster created with settings {hosts=[localhost:27017], mode=MULTIPLE, requiredClusterType=UNKNOWN, serverSelectionTimeout='30000 ms', maxWaitQueueSize=500}
2017-09-18 13:44:55.521  INFO 7420 --- [main] org.mongodb.driver.cluster               : Adding discovered server localhost:27017 to client view of cluster
2017-09-18 13:44:55.582  INFO 7420 --- [cluster-ClusterId{value='59bf5d5701dd611cfcf80bc2', description='null'}-localhost:27017] org.mongodb.driver.connection            : Opened connection [connectionId{localValue:1, serverValue:179}] to localhost:27017
2017-09-18 13:44:55.583  INFO 7420 --- [cluster-ClusterId{value='59bf5d5701dd611cfcf80bc2', description='null'}-localhost:27017] org.mongodb.driver.cluster               : Monitor thread successfully connected to server with description ServerDescription{address=localhost:27017, type=STANDALONE, state=CONNECTED, ok=true, version=ServerVersion{versionList=[3, 4, 5]}, minWireVersion=0, maxWireVersion=5, maxDocumentSize=16777216, roundTripTimeNanos=445312}
2017-09-18 13:44:55.584  INFO 7420 --- [cluster-ClusterId{value='59bf5d5701dd611cfcf80bc2', description='null'}-localhost:27017] org.mongodb.driver.cluster               : Discovered cluster type of STANDALONE
2017-09-18 13:44:55.741  INFO 7420 --- [main] org.mongodb.driver.connection            : Opened connection [connectionId{localValue:2, serverValue:180}] to localhost:27017
2017-09-18 13:44:56.146  INFO 7420 --- [main] s.w.s.m.m.a.RequestMappingHandlerAdapter : Looking for @ControllerAdvice: org.springframework.boot.context.embedded.AnnotationConfigEmbeddedWebApplicationContext@3d012ddd: startup date [Mon Sep 18 13:44:53 CST 2017]; root of context hierarchy
2017-09-18 13:44:56.231  INFO 7420 --- [main] s.w.s.m.m.a.RequestMappingHandlerMapping : Mapped "{[/login]}" onto public void me.zyly.riska.manage.controller.CascadeController.login(me.zyly.riska.manage.controller.CascadeController$LoginBean,javax.servlet.http.HttpSession)
2017-09-18 13:44:56.238  INFO 7420 --- [main] s.w.s.m.m.a.RequestMappingHandlerMapping : Mapped "{[/history/k],methods=[GET]}" onto public me.zyly.riska.manage.service.KLineService$Md me.zyly.riska.manage.controller.HistoryController.k(int,int,java.lang.String,double) throws java.text.ParseException
2017-09-18 13:44:56.246  INFO 7420 --- [main] s.w.s.m.m.a.RequestMappingHandlerMapping : Mapped "{[/users/list]}" onto public java.lang.Iterable<T> me.zyly.riska.manage.controller.BaseLoginedCRUDController.list()
2017-09-18 13:44:56.246  INFO 7420 --- [main] s.w.s.m.m.a.RequestMappingHandlerMapping : Mapped "{[/users/{id}],methods=[GET]}" onto public T me.zyly.riska.manage.controller.BaseLoginedCRUDController.r(java.lang.String)
2017-09-18 13:44:56.247  INFO 7420 --- [main] s.w.s.m.m.a.RequestMappingHandlerMapping : Mapped "{[/users/],methods=[PUT]}" onto public void me.zyly.riska.manage.controller.BaseLoginedCRUDController.c(T)
2017-09-18 13:44:56.247  INFO 7420 --- [main] s.w.s.m.m.a.RequestMappingHandlerMapping : Mapped "{[/users/{id}],methods=[DELETE]}" onto public void me.zyly.riska.manage.controller.BaseLoginedCRUDController.d(java.lang.String)
2017-09-18 13:44:56.248  INFO 7420 --- [main] s.w.s.m.m.a.RequestMappingHandlerMapping : Mapped "{[/users/page]}" onto public org.springframework.data.domain.Page<T> me.zyly.riska.manage.controller.BaseLoginedCRUDController.page(org.springframework.data.domain.Pageable)
2017-09-18 13:44:56.248  INFO 7420 --- [main] s.w.s.m.m.a.RequestMappingHandlerMapping : Mapped "{[/users/page/for/dataTable]}" onto public me.zyly.riska.manage.domain.DataTableResp<T> me.zyly.riska.manage.controller.BaseLoginedCRUDController.pageForDataTable(org.springframework.data.domain.Pageable,int)
2017-09-18 13:44:56.248  INFO 7420 --- [main] s.w.s.m.m.a.RequestMappingHandlerMapping : Mapped "{[/users/{id}],methods=[POST]}" onto public void me.zyly.riska.manage.controller.BaseLoginedCRUDController.u(java.lang.String,T)
2017-09-18 13:44:56.250  INFO 7420 --- [main] s.w.s.m.m.a.RequestMappingHandlerMapping : Mapped "{[/error]}" onto public org.springframework.http.ResponseEntity<java.util.Map<java.lang.String, java.lang.Object>> org.springframework.boot.autoconfigure.web.BasicErrorController.error(javax.servlet.http.HttpServletRequest)
2017-09-18 13:44:56.251  INFO 7420 --- [main] s.w.s.m.m.a.RequestMappingHandlerMapping : Mapped "{[/error],produces=[text/html]}" onto public org.springframework.web.servlet.ModelAndView org.springframework.boot.autoconfigure.web.BasicErrorController.errorHtml(javax.servlet.http.HttpServletRequest,javax.servlet.http.HttpServletResponse)
2017-09-18 13:44:56.277  INFO 7420 --- [main] o.s.w.s.handler.SimpleUrlHandlerMapping  : Mapped URL path [/webjars/**] onto handler of type [class org.springframework.web.servlet.resource.ResourceHttpRequestHandler]
2017-09-18 13:44:56.277  INFO 7420 --- [main] o.s.w.s.handler.SimpleUrlHandlerMapping  : Mapped URL path [/**] onto handler of type [class org.springframework.web.servlet.resource.ResourceHttpRequestHandler]
2017-09-18 13:44:56.285 ERROR 7420 --- [main] me.zyly.riska.manage.Boot                : test error log 
2017-09-18 13:44:56.315  INFO 7420 --- [main] o.s.w.s.handler.SimpleUrlHandlerMapping  : Mapped URL path [/**/favicon.ico] onto handler of type [class org.springframework.web.servlet.resource.ResourceHttpRequestHandler]
2017-09-18 13:44:56.351  INFO 7420 --- [main] oConfiguration$WelcomePageHandlerMapping : Adding welcome page: ServletContext resource [/index.html]
2017-09-18 13:44:56.572  INFO 7420 --- [main] o.s.j.e.a.AnnotationMBeanExporter        : Registering beans for JMX exposure on startup
2017-09-18 13:44:56.695 ERROR 7420 --- [main] o.a.coyote.http11.Http11NioProtocol      : Failed to start end point associated with ProtocolHandler ["http-nio-8088"]

java.net.BindException: Address already in use
	at sun.nio.ch.Net.bind0(Native Method)
	at sun.nio.ch.Net.bind(Net.java:433)
	at sun.nio.ch.Net.bind(Net.java:425)
	at sun.nio.ch.ServerSocketChannelImpl.bind(ServerSocketChannelImpl.java:223)
	at sun.nio.ch.ServerSocketAdaptor.bind(ServerSocketAdaptor.java:74)
	at org.apache.tomcat.util.net.NioEndpoint.bind(NioEndpoint.java:210)
	at org.apache.tomcat.util.net.AbstractEndpoint.start(AbstractEndpoint.java:978)
	at org.apache.coyote.AbstractProtocol.start(AbstractProtocol.java:628)
	at org.apache.catalina.connector.Connector.startInternal(Connector.java:993)
	at org.apache.catalina.util.LifecycleBase.start(LifecycleBase.java:150)
	at org.apache.catalina.core.StandardService.addConnector(StandardService.java:225)
	at org.springframework.boot.context.embedded.tomcat.TomcatEmbeddedServletContainer.addPreviouslyRemovedConnectors(TomcatEmbeddedServletContainer.java:247)
	at org.springframework.boot.context.embedded.tomcat.TomcatEmbeddedServletContainer.start(TomcatEmbeddedServletContainer.java:190)
	at org.springframework.boot.context.embedded.EmbeddedWebApplicationContext.startEmbeddedServletContainer(EmbeddedWebApplicationContext.java:297)
	at org.springframework.boot.context.embedded.EmbeddedWebApplicationContext.finishRefresh(EmbeddedWebApplicationContext.java:145)
	at org.springframework.context.support.AbstractApplicationContext.refresh(AbstractApplicationContext.java:545)
	at org.springframework.boot.context.embedded.EmbeddedWebApplicationContext.refresh(EmbeddedWebApplicationContext.java:122)
	at org.springframework.boot.SpringApplication.refresh(SpringApplication.java:737)
	at org.springframework.boot.SpringApplication.refreshContext(SpringApplication.java:370)
	at org.springframework.boot.SpringApplication.run(SpringApplication.java:314)
	at org.springframework.boot.SpringApplication.run(SpringApplication.java:1162)
	at org.springframework.boot.SpringApplication.run(SpringApplication.java:1151)
	at me.zyly.riska.manage.Boot.main(Boot.java:30)
	at sun.reflect.NativeMethodAccessorImpl.invoke0(Native Method)
	at sun.reflect.NativeMethodAccessorImpl.invoke(NativeMethodAccessorImpl.java:62)
	at sun.reflect.DelegatingMethodAccessorImpl.invoke(DelegatingMethodAccessorImpl.java:43)
	at java.lang.reflect.Method.invoke(Method.java:498)
	at org.springframework.boot.loader.MainMethodRunner.run(MainMethodRunner.java:48)
	at org.springframework.boot.loader.Launcher.launch(Launcher.java:87)
	at org.springframework.boot.loader.Launcher.launch(Launcher.java:50)
	at org.springframework.boot.loader.JarLauncher.main(JarLauncher.java:51)

2017-09-18 13:44:56.698 ERROR 7420 --- [main] o.apache.catalina.core.StandardService   : Failed to start connector [Connector[HTTP/1.1-8088]]

org.apache.catalina.LifecycleException: Failed to start component [Connector[HTTP/1.1-8088]]
	at org.apache.catalina.util.LifecycleBase.start(LifecycleBase.java:167)
	at org.apache.catalina.core.StandardService.addConnector(StandardService.java:225)
	at org.springframework.boot.context.embedded.tomcat.TomcatEmbeddedServletContainer.addPreviouslyRemovedConnectors(TomcatEmbeddedServletContainer.java:247)
	at org.springframework.boot.context.embedded.tomcat.TomcatEmbeddedServletContainer.start(TomcatEmbeddedServletContainer.java:190)
	at org.springframework.boot.context.embedded.EmbeddedWebApplicationContext.startEmbeddedServletContainer(EmbeddedWebApplicationContext.java:297)
	at org.springframework.boot.context.embedded.EmbeddedWebApplicationContext.finishRefresh(EmbeddedWebApplicationContext.java:145)
	at org.springframework.context.support.AbstractApplicationContext.refresh(AbstractApplicationContext.java:545)
	at org.springframework.boot.context.embedded.EmbeddedWebApplicationContext.refresh(EmbeddedWebApplicationContext.java:122)
	at org.springframework.boot.SpringApplication.refresh(SpringApplication.java:737)
	at org.springframework.boot.SpringApplication.refreshContext(SpringApplication.java:370)
	at org.springframework.boot.SpringApplication.run(SpringApplication.java:314)
	at org.springframework.boot.SpringApplication.run(SpringApplication.java:1162)
	at org.springframework.boot.SpringApplication.run(SpringApplication.java:1151)
	at me.zyly.riska.manage.Boot.main(Boot.java:30)
	at sun.reflect.NativeMethodAccessorImpl.invoke0(Native Method)
	at sun.reflect.NativeMethodAccessorImpl.invoke(NativeMethodAccessorImpl.java:62)
	at sun.reflect.DelegatingMethodAccessorImpl.invoke(DelegatingMethodAccessorImpl.java:43)
	at java.lang.reflect.Method.invoke(Method.java:498)
	at org.springframework.boot.loader.MainMethodRunner.run(MainMethodRunner.java:48)
	at org.springframework.boot.loader.Launcher.launch(Launcher.java:87)
	at org.springframework.boot.loader.Launcher.launch(Launcher.java:50)
	at org.springframework.boot.loader.JarLauncher.main(JarLauncher.java:51)
Caused by: org.apache.catalina.LifecycleException: service.getName(): "Tomcat";  Protocol handler start failed
	at org.apache.catalina.connector.Connector.startInternal(Connector.java:1000)
	at org.apache.catalina.util.LifecycleBase.start(LifecycleBase.java:150)
	... 21 common frames omitted
Caused by: java.net.BindException: Address already in use
	at sun.nio.ch.Net.bind0(Native Method)
	at sun.nio.ch.Net.bind(Net.java:433)
	at sun.nio.ch.Net.bind(Net.java:425)
	at sun.nio.ch.ServerSocketChannelImpl.bind(ServerSocketChannelImpl.java:223)
	at sun.nio.ch.ServerSocketAdaptor.bind(ServerSocketAdaptor.java:74)
	at org.apache.tomcat.util.net.NioEndpoint.bind(NioEndpoint.java:210)
	at org.apache.tomcat.util.net.AbstractEndpoint.start(AbstractEndpoint.java:978)
	at org.apache.coyote.AbstractProtocol.start(AbstractProtocol.java:628)
	at org.apache.catalina.connector.Connector.startInternal(Connector.java:993)
	... 22 common frames omitted

2017-09-18 13:44:56.716  INFO 7420 --- [main] o.apache.catalina.core.StandardService   : Stopping service Tomcat
2017-09-18 13:44:56.754  INFO 7420 --- [main] utoConfigurationReportLoggingInitializer : 

Error starting ApplicationContext. To display the auto-configuration report re-run your application with 'debug' enabled.
2017-09-18 13:44:56.761 ERROR 7420 --- [main] o.s.b.d.LoggingFailureAnalysisReporter   : 

***************************
APPLICATION FAILED TO START
***************************

Description:

The Tomcat connector configured to listen on port 8088 failed to start. The port may already be in use or the connector may be misconfigured.

Action:

Verify the connector's configuration, identify and stop any process that's listening on port 8088, or configure this application to listen on another port.

2017-09-18 13:44:56.764  INFO 7420 --- [main] ationConfigEmbeddedWebApplicationContext : Closing org.springframework.boot.context.embedded.AnnotationConfigEmbeddedWebApplicationContext@3d012ddd: startup date [Mon Sep 18 13:44:53 CST 2017]; root of context hierarchy
2017-09-18 13:44:56.768  INFO 7420 --- [main] o.s.j.e.a.AnnotationMBeanExporter        : Unregistering JMX-exposed beans on shutdown
2017-09-18 13:44:56.775  INFO 7420 --- [main] org.mongodb.driver.connection            : Closed connection [connectionId{localValue:2, serverValue:180}] to localhost:27017 because the pool has been closed.
2017-09-18 13:45:50.442  INFO 7639 --- [main] me.zyly.riska.manage.Boot                : Starting Boot v1.0-SNAPSHOT on bogon with PID 7639 (/Users/hanzhe/work/riska/manage/target/manage.jar started by hanzhe in /Users/hanzhe/work/riska/manage)
2017-09-18 13:45:50.446 DEBUG 7639 --- [main] me.zyly.riska.manage.Boot                : Running with Spring Boot v1.5.3.RELEASE, Spring v4.3.8.RELEASE
2017-09-18 13:45:50.446  INFO 7639 --- [main] me.zyly.riska.manage.Boot                : The following profiles are active: qa
2017-09-18 13:45:50.485  INFO 7639 --- [main] ationConfigEmbeddedWebApplicationContext : Refreshing org.springframework.boot.context.embedded.AnnotationConfigEmbeddedWebApplicationContext@3d012ddd: startup date [Mon Sep 18 13:45:50 CST 2017]; root of context hierarchy
2017-09-18 13:45:51.621  INFO 7639 --- [main] s.b.c.e.t.TomcatEmbeddedServletContainer : Tomcat initialized with port(s): 8088 (http)
2017-09-18 13:45:51.636  INFO 7639 --- [main] o.apache.catalina.core.StandardService   : Starting service Tomcat
2017-09-18 13:45:51.638  INFO 7639 --- [main] org.apache.catalina.core.StandardEngine  : Starting Servlet Engine: Apache Tomcat/8.5.14
2017-09-18 13:45:51.734  INFO 7639 --- [localhost-startStop-1] o.a.c.c.C.[.[localhost].[/riska/rest]    : Initializing Spring embedded WebApplicationContext
2017-09-18 13:45:51.734  INFO 7639 --- [localhost-startStop-1] o.s.web.context.ContextLoader            : Root WebApplicationContext: initialization completed in 1249 ms
2017-09-18 13:45:51.854  INFO 7639 --- [localhost-startStop-1] o.s.b.w.servlet.ServletRegistrationBean  : Mapping servlet: 'dispatcherServlet' to [/]
2017-09-18 13:45:51.858  INFO 7639 --- [localhost-startStop-1] o.s.b.w.servlet.FilterRegistrationBean   : Mapping filter: 'characterEncodingFilter' to: [/*]
2017-09-18 13:45:51.858  INFO 7639 --- [localhost-startStop-1] o.s.b.w.servlet.FilterRegistrationBean   : Mapping filter: 'hiddenHttpMethodFilter' to: [/*]
2017-09-18 13:45:51.858  INFO 7639 --- [localhost-startStop-1] o.s.b.w.servlet.FilterRegistrationBean   : Mapping filter: 'httpPutFormContentFilter' to: [/*]
2017-09-18 13:45:51.858  INFO 7639 --- [localhost-startStop-1] o.s.b.w.servlet.FilterRegistrationBean   : Mapping filter: 'requestContextFilter' to: [/*]
2017-09-18 13:45:52.191  INFO 7639 --- [main] org.mongodb.driver.cluster               : Cluster created with settings {hosts=[localhost:27017], mode=MULTIPLE, requiredClusterType=UNKNOWN, serverSelectionTimeout='30000 ms', maxWaitQueueSize=500}
2017-09-18 13:45:52.191  INFO 7639 --- [main] org.mongodb.driver.cluster               : Adding discovered server localhost:27017 to client view of cluster
2017-09-18 13:45:52.250  INFO 7639 --- [cluster-ClusterId{value='59bf5d9001dd611dd7f55e86', description='null'}-localhost:27017] org.mongodb.driver.connection            : Opened connection [connectionId{localValue:1, serverValue:181}] to localhost:27017
2017-09-18 13:45:52.251  INFO 7639 --- [cluster-ClusterId{value='59bf5d9001dd611dd7f55e86', description='null'}-localhost:27017] org.mongodb.driver.cluster               : Monitor thread successfully connected to server with description ServerDescription{address=localhost:27017, type=STANDALONE, state=CONNECTED, ok=true, version=ServerVersion{versionList=[3, 4, 5]}, minWireVersion=0, maxWireVersion=5, maxDocumentSize=16777216, roundTripTimeNanos=482978}
2017-09-18 13:45:52.252  INFO 7639 --- [cluster-ClusterId{value='59bf5d9001dd611dd7f55e86', description='null'}-localhost:27017] org.mongodb.driver.cluster               : Discovered cluster type of STANDALONE
2017-09-18 13:45:52.425  INFO 7639 --- [main] org.mongodb.driver.connection            : Opened connection [connectionId{localValue:2, serverValue:182}] to localhost:27017
2017-09-18 13:45:52.824  INFO 7639 --- [main] s.w.s.m.m.a.RequestMappingHandlerAdapter : Looking for @ControllerAdvice: org.springframework.boot.context.embedded.AnnotationConfigEmbeddedWebApplicationContext@3d012ddd: startup date [Mon Sep 18 13:45:50 CST 2017]; root of context hierarchy
2017-09-18 13:45:52.882  INFO 7639 --- [main] s.w.s.m.m.a.RequestMappingHandlerMapping : Mapped "{[/login]}" onto public void me.zyly.riska.manage.controller.CascadeController.login(me.zyly.riska.manage.controller.CascadeController$LoginBean,javax.servlet.http.HttpSession)
2017-09-18 13:45:52.884  INFO 7639 --- [main] s.w.s.m.m.a.RequestMappingHandlerMapping : Mapped "{[/history/k],methods=[GET]}" onto public me.zyly.riska.manage.service.KLineService$Md me.zyly.riska.manage.controller.HistoryController.k(int,int,java.lang.String,double) throws java.text.ParseException
2017-09-18 13:45:52.891  INFO 7639 --- [main] s.w.s.m.m.a.RequestMappingHandlerMapping : Mapped "{[/users/list]}" onto public java.lang.Iterable<T> me.zyly.riska.manage.controller.BaseLoginedCRUDController.list()
2017-09-18 13:45:52.892  INFO 7639 --- [main] s.w.s.m.m.a.RequestMappingHandlerMapping : Mapped "{[/users/{id}],methods=[GET]}" onto public T me.zyly.riska.manage.controller.BaseLoginedCRUDController.r(java.lang.String)
2017-09-18 13:45:52.892  INFO 7639 --- [main] s.w.s.m.m.a.RequestMappingHandlerMapping : Mapped "{[/users/],methods=[PUT]}" onto public void me.zyly.riska.manage.controller.BaseLoginedCRUDController.c(T)
2017-09-18 13:45:52.892  INFO 7639 --- [main] s.w.s.m.m.a.RequestMappingHandlerMapping : Mapped "{[/users/{id}],methods=[DELETE]}" onto public void me.zyly.riska.manage.controller.BaseLoginedCRUDController.d(java.lang.String)
2017-09-18 13:45:52.892  INFO 7639 --- [main] s.w.s.m.m.a.RequestMappingHandlerMapping : Mapped "{[/users/{id}],methods=[POST]}" onto public void me.zyly.riska.manage.controller.BaseLoginedCRUDController.u(java.lang.String,T)
2017-09-18 13:45:52.892  INFO 7639 --- [main] s.w.s.m.m.a.RequestMappingHandlerMapping : Mapped "{[/users/page]}" onto public org.springframework.data.domain.Page<T> me.zyly.riska.manage.controller.BaseLoginedCRUDController.page(org.springframework.data.domain.Pageable)
2017-09-18 13:45:52.893  INFO 7639 --- [main] s.w.s.m.m.a.RequestMappingHandlerMapping : Mapped "{[/users/page/for/dataTable]}" onto public me.zyly.riska.manage.domain.DataTableResp<T> me.zyly.riska.manage.controller.BaseLoginedCRUDController.pageForDataTable(org.springframework.data.domain.Pageable,int)
2017-09-18 13:45:52.894  INFO 7639 --- [main] s.w.s.m.m.a.RequestMappingHandlerMapping : Mapped "{[/error]}" onto public org.springframework.http.ResponseEntity<java.util.Map<java.lang.String, java.lang.Object>> org.springframework.boot.autoconfigure.web.BasicErrorController.error(javax.servlet.http.HttpServletRequest)
2017-09-18 13:45:52.894  INFO 7639 --- [main] s.w.s.m.m.a.RequestMappingHandlerMapping : Mapped "{[/error],produces=[text/html]}" onto public org.springframework.web.servlet.ModelAndView org.springframework.boot.autoconfigure.web.BasicErrorController.errorHtml(javax.servlet.http.HttpServletRequest,javax.servlet.http.HttpServletResponse)
2017-09-18 13:45:52.917  INFO 7639 --- [main] o.s.w.s.handler.SimpleUrlHandlerMapping  : Mapped URL path [/webjars/**] onto handler of type [class org.springframework.web.servlet.resource.ResourceHttpRequestHandler]
2017-09-18 13:45:52.917  INFO 7639 --- [main] o.s.w.s.handler.SimpleUrlHandlerMapping  : Mapped URL path [/**] onto handler of type [class org.springframework.web.servlet.resource.ResourceHttpRequestHandler]
2017-09-18 13:45:52.923 ERROR 7639 --- [main] me.zyly.riska.manage.Boot                : test error log 
2017-09-18 13:45:52.939  INFO 7639 --- [main] o.s.w.s.handler.SimpleUrlHandlerMapping  : Mapped URL path [/**/favicon.ico] onto handler of type [class org.springframework.web.servlet.resource.ResourceHttpRequestHandler]
2017-09-18 13:45:52.955  INFO 7639 --- [main] oConfiguration$WelcomePageHandlerMapping : Adding welcome page: ServletContext resource [/index.html]
2017-09-18 13:45:53.068  INFO 7639 --- [main] o.s.j.e.a.AnnotationMBeanExporter        : Registering beans for JMX exposure on startup
2017-09-18 13:45:53.127  INFO 7639 --- [main] s.b.c.e.t.TomcatEmbeddedServletContainer : Tomcat started on port(s): 8088 (http)
2017-09-18 13:45:53.132  INFO 7639 --- [main] me.zyly.riska.manage.Boot                : Started Boot in 3.177 seconds (JVM running for 3.56)
